::1 - - [01/Feb/2019:16:05:30 +0000] "OPTIONS /api/v1 HTTP/1.1" 204 0 "http://localhost:8080/login" "Mozilla/5.0 (Macintosh; Intel Mac OS X 10_14_2) AppleWebKit/537.36 (KHTML, like Gecko) Chrome/69.0.3497.100 Safari/537.36"
::1 - - [01/Feb/2019:16:05:33 +0000] "POST /api/v1 HTTP/1.1" 200 325 "http://localhost:8080/login" "Mozilla/5.0 (Macintosh; Intel Mac OS X 10_14_2) AppleWebKit/537.36 (KHTML, like Gecko) Chrome/69.0.3497.100 Safari/537.36"
::1 - - [01/Feb/2019:16:05:33 +0000] "OPTIONS /api/v1 HTTP/1.1" 204 0 "http://localhost:8080/trips" "Mozilla/5.0 (Macintosh; Intel Mac OS X 10_14_2) AppleWebKit/537.36 (KHTML, like Gecko) Chrome/69.0.3497.100 Safari/537.36"
::1 - - [01/Feb/2019:16:05:34 +0000] "POST /api/v1 HTTP/1.1" 200 550 "http://localhost:8080/trips" "Mozilla/5.0 (Macintosh; Intel Mac OS X 10_14_2) AppleWebKit/537.36 (KHTML, like Gecko) Chrome/69.0.3497.100 Safari/537.36"
::1 - - [01/Feb/2019:16:14:59 +0000] "OPTIONS /api/v1 HTTP/1.1" 204 0 "http://localhost:8080/trips" "Mozilla/5.0 (Macintosh; Intel Mac OS X 10_14_2) AppleWebKit/537.36 (KHTML, like Gecko) Chrome/69.0.3497.100 Safari/537.36"
::1 - - [01/Feb/2019:16:15:00 +0000] "POST /api/v1 HTTP/1.1" 200 550 "http://localhost:8080/trips" "Mozilla/5.0 (Macintosh; Intel Mac OS X 10_14_2) AppleWebKit/537.36 (KHTML, like Gecko) Chrome/69.0.3497.100 Safari/537.36"
::1 - - [01/Feb/2019:16:15:03 +0000] "POST /api/v1 HTTP/1.1" 500 203 "http://localhost:8080/trips" "Mozilla/5.0 (Macintosh; Intel Mac OS X 10_14_2) AppleWebKit/537.36 (KHTML, like Gecko) Chrome/69.0.3497.100 Safari/537.36"
::1 - - [01/Feb/2019:16:24:59 +0000] "OPTIONS /api/v1 HTTP/1.1" 204 0 "http://localhost:8080/trips" "Mozilla/5.0 (Macintosh; Intel Mac OS X 10_14_2) AppleWebKit/537.36 (KHTML, like Gecko) Chrome/69.0.3497.100 Safari/537.36"
::1 - - [01/Feb/2019:16:25:01 +0000] "POST /api/v1 HTTP/1.1" 200 550 "http://localhost:8080/trips" "Mozilla/5.0 (Macintosh; Intel Mac OS X 10_14_2) AppleWebKit/537.36 (KHTML, like Gecko) Chrome/69.0.3497.100 Safari/537.36"
::1 - - [01/Feb/2019:16:25:04 +0000] "POST /api/v1 HTTP/1.1" 500 203 "http://localhost:8080/trips" "Mozilla/5.0 (Macintosh; Intel Mac OS X 10_14_2) AppleWebKit/537.36 (KHTML, like Gecko) Chrome/69.0.3497.100 Safari/537.36"
::1 - - [01/Feb/2019:16:26:21 +0000] "OPTIONS /api/v1 HTTP/1.1" 204 0 "http://localhost:8080/trips" "Mozilla/5.0 (Macintosh; Intel Mac OS X 10_14_2) AppleWebKit/537.36 (KHTML, like Gecko) Chrome/69.0.3497.100 Safari/537.36"
::1 - - [01/Feb/2019:16:26:22 +0000] "POST /api/v1 HTTP/1.1" 200 550 "http://localhost:8080/trips" "Mozilla/5.0 (Macintosh; Intel Mac OS X 10_14_2) AppleWebKit/537.36 (KHTML, like Gecko) Chrome/69.0.3497.100 Safari/537.36"
::1 - - [01/Feb/2019:16:26:29 +0000] "OPTIONS /api/v1 HTTP/1.1" 204 0 "http://localhost:8080/trips" "Mozilla/5.0 (Macintosh; Intel Mac OS X 10_14_2) AppleWebKit/537.36 (KHTML, like Gecko) Chrome/69.0.3497.100 Safari/537.36"
::1 - - [01/Feb/2019:16:26:29 +0000] "POST /api/v1 HTTP/1.1" 500 203 "http://localhost:8080/trips" "Mozilla/5.0 (Macintosh; Intel Mac OS X 10_14_2) AppleWebKit/537.36 (KHTML, like Gecko) Chrome/69.0.3497.100 Safari/537.36"
::1 - - [01/Feb/2019:16:28:17 +0000] "OPTIONS /api/v1 HTTP/1.1" 204 0 "http://localhost:8080/trips" "Mozilla/5.0 (Macintosh; Intel Mac OS X 10_14_2) AppleWebKit/537.36 (KHTML, like Gecko) Chrome/69.0.3497.100 Safari/537.36"
::1 - - [01/Feb/2019:16:28:17 +0000] "POST /api/v1 HTTP/1.1" 200 550 "http://localhost:8080/trips" "Mozilla/5.0 (Macintosh; Intel Mac OS X 10_14_2) AppleWebKit/537.36 (KHTML, like Gecko) Chrome/69.0.3497.100 Safari/537.36"
::1 - - [01/Feb/2019:16:28:22 +0000] "OPTIONS /api/v1 HTTP/1.1" 204 0 "http://localhost:8080/trips" "Mozilla/5.0 (Macintosh; Intel Mac OS X 10_14_2) AppleWebKit/537.36 (KHTML, like Gecko) Chrome/69.0.3497.100 Safari/537.36"
::1 - - [01/Feb/2019:16:28:22 +0000] "POST /api/v1 HTTP/1.1" 500 203 "http://localhost:8080/trips" "Mozilla/5.0 (Macintosh; Intel Mac OS X 10_14_2) AppleWebKit/537.36 (KHTML, like Gecko) Chrome/69.0.3497.100 Safari/537.36"
::1 - - [01/Feb/2019:16:29:19 +0000] "OPTIONS /api/v1 HTTP/1.1" 204 0 "http://localhost:8080/trips" "Mozilla/5.0 (Macintosh; Intel Mac OS X 10_14_2) AppleWebKit/537.36 (KHTML, like Gecko) Chrome/69.0.3497.100 Safari/537.36"
::1 - - [01/Feb/2019:16:29:19 +0000] "POST /api/v1 HTTP/1.1" 200 550 "http://localhost:8080/trips" "Mozilla/5.0 (Macintosh; Intel Mac OS X 10_14_2) AppleWebKit/537.36 (KHTML, like Gecko) Chrome/69.0.3497.100 Safari/537.36"
::1 - - [01/Feb/2019:16:29:23 +0000] "POST /api/v1 HTTP/1.1" 200 550 "http://localhost:8080/trips" "Mozilla/5.0 (Macintosh; Intel Mac OS X 10_14_2) AppleWebKit/537.36 (KHTML, like Gecko) Chrome/69.0.3497.100 Safari/537.36"
::1 - - [01/Feb/2019:16:29:44 +0000] "OPTIONS /api/v1 HTTP/1.1" 204 0 "http://localhost:8080/trips" "Mozilla/5.0 (Macintosh; Intel Mac OS X 10_14_2) AppleWebKit/537.36 (KHTML, like Gecko) Chrome/69.0.3497.100 Safari/537.36"
::1 - - [01/Feb/2019:16:29:44 +0000] "POST /api/v1 HTTP/1.1" 200 550 "http://localhost:8080/trips" "Mozilla/5.0 (Macintosh; Intel Mac OS X 10_14_2) AppleWebKit/537.36 (KHTML, like Gecko) Chrome/69.0.3497.100 Safari/537.36"
::1 - - [01/Feb/2019:16:29:45 +0000] "POST /api/v1 HTTP/1.1" 500 203 "http://localhost:8080/trips" "Mozilla/5.0 (Macintosh; Intel Mac OS X 10_14_2) AppleWebKit/537.36 (KHTML, like Gecko) Chrome/69.0.3497.100 Safari/537.36"
::1 - - [01/Feb/2019:16:31:16 +0000] "OPTIONS /api/v1 HTTP/1.1" 204 0 "http://localhost:8080/trips" "Mozilla/5.0 (Macintosh; Intel Mac OS X 10_14_2) AppleWebKit/537.36 (KHTML, like Gecko) Chrome/69.0.3497.100 Safari/537.36"
::1 - - [01/Feb/2019:16:31:17 +0000] "POST /api/v1 HTTP/1.1" 200 550 "http://localhost:8080/trips" "Mozilla/5.0 (Macintosh; Intel Mac OS X 10_14_2) AppleWebKit/537.36 (KHTML, like Gecko) Chrome/69.0.3497.100 Safari/537.36"
::1 - - [01/Feb/2019:16:31:20 +0000] "POST /api/v1 HTTP/1.1" 500 203 "http://localhost:8080/trips" "Mozilla/5.0 (Macintosh; Intel Mac OS X 10_14_2) AppleWebKit/537.36 (KHTML, like Gecko) Chrome/69.0.3497.100 Safari/537.36"
::1 - - [01/Feb/2019:16:34:33 +0000] "OPTIONS /api/v1 HTTP/1.1" 204 0 "http://localhost:8080/trips" "Mozilla/5.0 (Macintosh; Intel Mac OS X 10_14_2) AppleWebKit/537.36 (KHTML, like Gecko) Chrome/69.0.3497.100 Safari/537.36"
::1 - - [01/Feb/2019:16:34:34 +0000] "POST /api/v1 HTTP/1.1" 200 550 "http://localhost:8080/trips" "Mozilla/5.0 (Macintosh; Intel Mac OS X 10_14_2) AppleWebKit/537.36 (KHTML, like Gecko) Chrome/69.0.3497.100 Safari/537.36"
::1 - - [01/Feb/2019:16:34:37 +0000] "POST /api/v1 HTTP/1.1" 500 203 "http://localhost:8080/trips" "Mozilla/5.0 (Macintosh; Intel Mac OS X 10_14_2) AppleWebKit/537.36 (KHTML, like Gecko) Chrome/69.0.3497.100 Safari/537.36"
::1 - - [01/Feb/2019:16:35:35 +0000] "OPTIONS /api/v1 HTTP/1.1" 204 0 "http://localhost:8080/trips" "Mozilla/5.0 (Macintosh; Intel Mac OS X 10_14_2) AppleWebKit/537.36 (KHTML, like Gecko) Chrome/69.0.3497.100 Safari/537.36"
::1 - - [01/Feb/2019:16:35:36 +0000] "POST /api/v1 HTTP/1.1" 200 550 "http://localhost:8080/trips" "Mozilla/5.0 (Macintosh; Intel Mac OS X 10_14_2) AppleWebKit/537.36 (KHTML, like Gecko) Chrome/69.0.3497.100 Safari/537.36"
::1 - - [01/Feb/2019:16:35:41 +0000] "OPTIONS /api/v1 HTTP/1.1" 204 0 "http://localhost:8080/trips" "Mozilla/5.0 (Macintosh; Intel Mac OS X 10_14_2) AppleWebKit/537.36 (KHTML, like Gecko) Chrome/69.0.3497.100 Safari/537.36"
::1 - - [01/Feb/2019:16:35:41 +0000] "POST /api/v1 HTTP/1.1" 500 203 "http://localhost:8080/trips" "Mozilla/5.0 (Macintosh; Intel Mac OS X 10_14_2) AppleWebKit/537.36 (KHTML, like Gecko) Chrome/69.0.3497.100 Safari/537.36"
::1 - - [01/Feb/2019:16:35:58 +0000] "OPTIONS /api/v1 HTTP/1.1" 204 0 "http://localhost:8080/trips" "Mozilla/5.0 (Macintosh; Intel Mac OS X 10_14_2) AppleWebKit/537.36 (KHTML, like Gecko) Chrome/69.0.3497.100 Safari/537.36"
::1 - - [01/Feb/2019:16:35:59 +0000] "POST /api/v1 HTTP/1.1" 200 550 "http://localhost:8080/trips" "Mozilla/5.0 (Macintosh; Intel Mac OS X 10_14_2) AppleWebKit/537.36 (KHTML, like Gecko) Chrome/69.0.3497.100 Safari/537.36"
::1 - - [01/Feb/2019:16:36:00 +0000] "POST /api/v1 HTTP/1.1" 500 203 "http://localhost:8080/trips" "Mozilla/5.0 (Macintosh; Intel Mac OS X 10_14_2) AppleWebKit/537.36 (KHTML, like Gecko) Chrome/69.0.3497.100 Safari/537.36"
::1 - - [01/Feb/2019:16:36:27 +0000] "OPTIONS /api/v1 HTTP/1.1" 204 0 "http://localhost:8080/trips" "Mozilla/5.0 (Macintosh; Intel Mac OS X 10_14_2) AppleWebKit/537.36 (KHTML, like Gecko) Chrome/69.0.3497.100 Safari/537.36"
::1 - - [01/Feb/2019:16:36:27 +0000] "POST /api/v1 HTTP/1.1" 200 550 "http://localhost:8080/trips" "Mozilla/5.0 (Macintosh; Intel Mac OS X 10_14_2) AppleWebKit/537.36 (KHTML, like Gecko) Chrome/69.0.3497.100 Safari/537.36"
::1 - - [01/Feb/2019:16:36:49 +0000] "OPTIONS /api/v1 HTTP/1.1" 204 0 "http://localhost:8080/trips" "Mozilla/5.0 (Macintosh; Intel Mac OS X 10_14_2) AppleWebKit/537.36 (KHTML, like Gecko) Chrome/69.0.3497.100 Safari/537.36"
::1 - - [01/Feb/2019:16:36:50 +0000] "POST /api/v1 HTTP/1.1" 200 550 "http://localhost:8080/trips" "Mozilla/5.0 (Macintosh; Intel Mac OS X 10_14_2) AppleWebKit/537.36 (KHTML, like Gecko) Chrome/69.0.3497.100 Safari/537.36"
::1 - - [01/Feb/2019:16:36:54 +0000] "POST /api/v1 HTTP/1.1" 500 203 "http://localhost:8080/trips" "Mozilla/5.0 (Macintosh; Intel Mac OS X 10_14_2) AppleWebKit/537.36 (KHTML, like Gecko) Chrome/69.0.3497.100 Safari/537.36"
::1 - - [01/Feb/2019:16:37:18 +0000] "OPTIONS /api/v1 HTTP/1.1" 204 0 "http://localhost:8080/trips" "Mozilla/5.0 (Macintosh; Intel Mac OS X 10_14_2) AppleWebKit/537.36 (KHTML, like Gecko) Chrome/69.0.3497.100 Safari/537.36"
::1 - - [01/Feb/2019:16:37:19 +0000] "POST /api/v1 HTTP/1.1" 200 550 "http://localhost:8080/trips" "Mozilla/5.0 (Macintosh; Intel Mac OS X 10_14_2) AppleWebKit/537.36 (KHTML, like Gecko) Chrome/69.0.3497.100 Safari/537.36"
::1 - - [01/Feb/2019:16:37:22 +0000] "POST /api/v1 HTTP/1.1" 500 203 "http://localhost:8080/trips" "Mozilla/5.0 (Macintosh; Intel Mac OS X 10_14_2) AppleWebKit/537.36 (KHTML, like Gecko) Chrome/69.0.3497.100 Safari/537.36"
::1 - - [01/Feb/2019:16:37:58 +0000] "OPTIONS /api/v1 HTTP/1.1" 204 0 "http://localhost:8080/trips" "Mozilla/5.0 (Macintosh; Intel Mac OS X 10_14_2) AppleWebKit/537.36 (KHTML, like Gecko) Chrome/69.0.3497.100 Safari/537.36"
::1 - - [01/Feb/2019:16:37:59 +0000] "POST /api/v1 HTTP/1.1" 200 550 "http://localhost:8080/trips" "Mozilla/5.0 (Macintosh; Intel Mac OS X 10_14_2) AppleWebKit/537.36 (KHTML, like Gecko) Chrome/69.0.3497.100 Safari/537.36"
::1 - - [01/Feb/2019:16:38:00 +0000] "POST /api/v1 HTTP/1.1" 500 203 "http://localhost:8080/trips" "Mozilla/5.0 (Macintosh; Intel Mac OS X 10_14_2) AppleWebKit/537.36 (KHTML, like Gecko) Chrome/69.0.3497.100 Safari/537.36"
::1 - - [01/Feb/2019:16:38:34 +0000] "OPTIONS /api/v1 HTTP/1.1" 204 0 "http://localhost:8080/trips" "Mozilla/5.0 (Macintosh; Intel Mac OS X 10_14_2) AppleWebKit/537.36 (KHTML, like Gecko) Chrome/69.0.3497.100 Safari/537.36"
::1 - - [01/Feb/2019:16:38:34 +0000] "POST /api/v1 HTTP/1.1" 200 550 "http://localhost:8080/trips" "Mozilla/5.0 (Macintosh; Intel Mac OS X 10_14_2) AppleWebKit/537.36 (KHTML, like Gecko) Chrome/69.0.3497.100 Safari/537.36"
::1 - - [01/Feb/2019:16:38:38 +0000] "POST /api/v1 HTTP/1.1" 500 203 "http://localhost:8080/trips" "Mozilla/5.0 (Macintosh; Intel Mac OS X 10_14_2) AppleWebKit/537.36 (KHTML, like Gecko) Chrome/69.0.3497.100 Safari/537.36"
::1 - - [01/Feb/2019:16:39:10 +0000] "OPTIONS /api/v1 HTTP/1.1" 204 0 "http://localhost:8080/trips" "Mozilla/5.0 (Macintosh; Intel Mac OS X 10_14_2) AppleWebKit/537.36 (KHTML, like Gecko) Chrome/69.0.3497.100 Safari/537.36"
::1 - - [01/Feb/2019:16:39:11 +0000] "POST /api/v1 HTTP/1.1" 200 550 "http://localhost:8080/trips" "Mozilla/5.0 (Macintosh; Intel Mac OS X 10_14_2) AppleWebKit/537.36 (KHTML, like Gecko) Chrome/69.0.3497.100 Safari/537.36"
::1 - - [01/Feb/2019:16:39:12 +0000] "POST /api/v1 HTTP/1.1" 500 203 "http://localhost:8080/trips" "Mozilla/5.0 (Macintosh; Intel Mac OS X 10_14_2) AppleWebKit/537.36 (KHTML, like Gecko) Chrome/69.0.3497.100 Safari/537.36"
::1 - - [01/Feb/2019:16:40:01 +0000] "OPTIONS /api/v1 HTTP/1.1" 204 0 "http://localhost:8080/trips" "Mozilla/5.0 (Macintosh; Intel Mac OS X 10_14_2) AppleWebKit/537.36 (KHTML, like Gecko) Chrome/69.0.3497.100 Safari/537.36"
::1 - - [01/Feb/2019:16:40:02 +0000] "POST /api/v1 HTTP/1.1" 200 550 "http://localhost:8080/trips" "Mozilla/5.0 (Macintosh; Intel Mac OS X 10_14_2) AppleWebKit/537.36 (KHTML, like Gecko) Chrome/69.0.3497.100 Safari/537.36"
::1 - - [01/Feb/2019:16:40:03 +0000] "POST /api/v1 HTTP/1.1" 500 203 "http://localhost:8080/trips" "Mozilla/5.0 (Macintosh; Intel Mac OS X 10_14_2) AppleWebKit/537.36 (KHTML, like Gecko) Chrome/69.0.3497.100 Safari/537.36"
::1 - - [01/Feb/2019:16:42:24 +0000] "OPTIONS /api/v1 HTTP/1.1" 204 0 "http://localhost:8080/trips" "Mozilla/5.0 (Macintosh; Intel Mac OS X 10_14_2) AppleWebKit/537.36 (KHTML, like Gecko) Chrome/69.0.3497.100 Safari/537.36"
::1 - - [01/Feb/2019:16:42:25 +0000] "POST /api/v1 HTTP/1.1" 200 550 "http://localhost:8080/trips" "Mozilla/5.0 (Macintosh; Intel Mac OS X 10_14_2) AppleWebKit/537.36 (KHTML, like Gecko) Chrome/69.0.3497.100 Safari/537.36"
::1 - - [01/Feb/2019:16:42:26 +0000] "POST /api/v1 HTTP/1.1" 500 203 "http://localhost:8080/trips" "Mozilla/5.0 (Macintosh; Intel Mac OS X 10_14_2) AppleWebKit/537.36 (KHTML, like Gecko) Chrome/69.0.3497.100 Safari/537.36"
::1 - - [01/Feb/2019:16:44:36 +0000] "OPTIONS /api/v1 HTTP/1.1" 204 0 "http://localhost:8080/trips" "Mozilla/5.0 (Macintosh; Intel Mac OS X 10_14_2) AppleWebKit/537.36 (KHTML, like Gecko) Chrome/69.0.3497.100 Safari/537.36"
::1 - - [01/Feb/2019:16:44:36 +0000] "POST /api/v1 HTTP/1.1" 500 163 "http://localhost:8080/trips" "Mozilla/5.0 (Macintosh; Intel Mac OS X 10_14_2) AppleWebKit/537.36 (KHTML, like Gecko) Chrome/69.0.3497.100 Safari/537.36"
::1 - - [01/Feb/2019:16:46:19 +0000] "OPTIONS /api/v1 HTTP/1.1" 204 0 "http://localhost:8080/trips" "Mozilla/5.0 (Macintosh; Intel Mac OS X 10_14_2) AppleWebKit/537.36 (KHTML, like Gecko) Chrome/69.0.3497.100 Safari/537.36"
::1 - - [01/Feb/2019:16:46:20 +0000] "POST /api/v1 HTTP/1.1" 200 550 "http://localhost:8080/trips" "Mozilla/5.0 (Macintosh; Intel Mac OS X 10_14_2) AppleWebKit/537.36 (KHTML, like Gecko) Chrome/69.0.3497.100 Safari/537.36"
::1 - - [01/Feb/2019:16:46:21 +0000] "POST /api/v1 HTTP/1.1" 200 50 "http://localhost:8080/trips" "Mozilla/5.0 (Macintosh; Intel Mac OS X 10_14_2) AppleWebKit/537.36 (KHTML, like Gecko) Chrome/69.0.3497.100 Safari/537.36"
::1 - - [01/Feb/2019:16:48:21 +0000] "OPTIONS /api/v1 HTTP/1.1" 204 0 "http://localhost:8080/trips" "Mozilla/5.0 (Macintosh; Intel Mac OS X 10_14_2) AppleWebKit/537.36 (KHTML, like Gecko) Chrome/69.0.3497.100 Safari/537.36"
::1 - - [01/Feb/2019:16:48:22 +0000] "POST /api/v1 HTTP/1.1" 200 484 "http://localhost:8080/trips" "Mozilla/5.0 (Macintosh; Intel Mac OS X 10_14_2) AppleWebKit/537.36 (KHTML, like Gecko) Chrome/69.0.3497.100 Safari/537.36"
::1 - - [01/Feb/2019:16:48:23 +0000] "POST /api/v1 HTTP/1.1" 200 50 "http://localhost:8080/trips" "Mozilla/5.0 (Macintosh; Intel Mac OS X 10_14_2) AppleWebKit/537.36 (KHTML, like Gecko) Chrome/69.0.3497.100 Safari/537.36"
::1 - - [01/Feb/2019:16:49:06 +0000] "OPTIONS /api/v1 HTTP/1.1" 204 0 "http://localhost:8080/trips" "Mozilla/5.0 (Macintosh; Intel Mac OS X 10_14_2) AppleWebKit/537.36 (KHTML, like Gecko) Chrome/69.0.3497.100 Safari/537.36"
::1 - - [01/Feb/2019:16:49:06 +0000] "POST /api/v1 HTTP/1.1" 200 418 "http://localhost:8080/trips" "Mozilla/5.0 (Macintosh; Intel Mac OS X 10_14_2) AppleWebKit/537.36 (KHTML, like Gecko) Chrome/69.0.3497.100 Safari/537.36"
::1 - - [01/Feb/2019:16:49:08 +0000] "POST /api/v1 HTTP/1.1" 200 50 "http://localhost:8080/trips" "Mozilla/5.0 (Macintosh; Intel Mac OS X 10_14_2) AppleWebKit/537.36 (KHTML, like Gecko) Chrome/69.0.3497.100 Safari/537.36"
::1 - - [01/Feb/2019:16:49:53 +0000] "OPTIONS /api/v1 HTTP/1.1" 204 0 "http://localhost:8080/trips" "Mozilla/5.0 (Macintosh; Intel Mac OS X 10_14_2) AppleWebKit/537.36 (KHTML, like Gecko) Chrome/69.0.3497.100 Safari/537.36"
::1 - - [01/Feb/2019:16:49:53 +0000] "POST /api/v1 HTTP/1.1" 200 353 "http://localhost:8080/trips" "Mozilla/5.0 (Macintosh; Intel Mac OS X 10_14_2) AppleWebKit/537.36 (KHTML, like Gecko) Chrome/69.0.3497.100 Safari/537.36"
::1 - - [01/Feb/2019:16:49:54 +0000] "POST /api/v1 HTTP/1.1" 200 50 "http://localhost:8080/trips" "Mozilla/5.0 (Macintosh; Intel Mac OS X 10_14_2) AppleWebKit/537.36 (KHTML, like Gecko) Chrome/69.0.3497.100 Safari/537.36"
::1 - - [01/Feb/2019:16:50:16 +0000] "OPTIONS /api/v1 HTTP/1.1" 204 0 "http://localhost:8080/trips" "Mozilla/5.0 (Macintosh; Intel Mac OS X 10_14_2) AppleWebKit/537.36 (KHTML, like Gecko) Chrome/69.0.3497.100 Safari/537.36"
::1 - - [01/Feb/2019:16:50:16 +0000] "POST /api/v1 HTTP/1.1" 200 287 "http://localhost:8080/trips" "Mozilla/5.0 (Macintosh; Intel Mac OS X 10_14_2) AppleWebKit/537.36 (KHTML, like Gecko) Chrome/69.0.3497.100 Safari/537.36"
::1 - - [01/Feb/2019:16:51:45 +0000] "OPTIONS /api/v1 HTTP/1.1" 204 0 "http://localhost:8080/trips" "Mozilla/5.0 (Macintosh; Intel Mac OS X 10_14_2) AppleWebKit/537.36 (KHTML, like Gecko) Chrome/69.0.3497.100 Safari/537.36"
::1 - - [01/Feb/2019:16:51:46 +0000] "POST /api/v1 HTTP/1.1" 200 287 "http://localhost:8080/trips" "Mozilla/5.0 (Macintosh; Intel Mac OS X 10_14_2) AppleWebKit/537.36 (KHTML, like Gecko) Chrome/69.0.3497.100 Safari/537.36"
::1 - - [01/Feb/2019:16:51:48 +0000] "POST /api/v1 HTTP/1.1" 200 50 "http://localhost:8080/trips" "Mozilla/5.0 (Macintosh; Intel Mac OS X 10_14_2) AppleWebKit/537.36 (KHTML, like Gecko) Chrome/69.0.3497.100 Safari/537.36"
::1 - - [01/Feb/2019:16:52:44 +0000] "OPTIONS /api/v1 HTTP/1.1" 204 0 "http://localhost:8080/trips" "Mozilla/5.0 (Macintosh; Intel Mac OS X 10_14_2) AppleWebKit/537.36 (KHTML, like Gecko) Chrome/69.0.3497.100 Safari/537.36"
::1 - - [01/Feb/2019:16:52:45 +0000] "POST /api/v1 HTTP/1.1" 200 221 "http://localhost:8080/trips" "Mozilla/5.0 (Macintosh; Intel Mac OS X 10_14_2) AppleWebKit/537.36 (KHTML, like Gecko) Chrome/69.0.3497.100 Safari/537.36"
::1 - - [01/Feb/2019:16:52:47 +0000] "POST /api/v1 HTTP/1.1" 200 50 "http://localhost:8080/trips" "Mozilla/5.0 (Macintosh; Intel Mac OS X 10_14_2) AppleWebKit/537.36 (KHTML, like Gecko) Chrome/69.0.3497.100 Safari/537.36"
::1 - - [01/Feb/2019:16:53:44 +0000] "OPTIONS /api/v1 HTTP/1.1" 204 0 "http://localhost:8080/trips" "Mozilla/5.0 (Macintosh; Intel Mac OS X 10_14_2) AppleWebKit/537.36 (KHTML, like Gecko) Chrome/69.0.3497.100 Safari/537.36"
::1 - - [01/Feb/2019:16:53:45 +0000] "POST /api/v1 HTTP/1.1" 200 155 "http://localhost:8080/trips" "Mozilla/5.0 (Macintosh; Intel Mac OS X 10_14_2) AppleWebKit/537.36 (KHTML, like Gecko) Chrome/69.0.3497.100 Safari/537.36"
::1 - - [01/Feb/2019:17:17:55 +0000] "OPTIONS /api/v1 HTTP/1.1" 204 0 "http://localhost:8080/login" "Mozilla/5.0 (Macintosh; Intel Mac OS X 10_14_2) AppleWebKit/537.36 (KHTML, like Gecko) Chrome/69.0.3497.100 Safari/537.36"
::1 - - [01/Feb/2019:17:17:56 +0000] "POST /api/v1 HTTP/1.1" 200 325 "http://localhost:8080/login" "Mozilla/5.0 (Macintosh; Intel Mac OS X 10_14_2) AppleWebKit/537.36 (KHTML, like Gecko) Chrome/69.0.3497.100 Safari/537.36"
::1 - - [01/Feb/2019:17:17:56 +0000] "OPTIONS /api/v1 HTTP/1.1" 204 0 "http://localhost:8080/lists" "Mozilla/5.0 (Macintosh; Intel Mac OS X 10_14_2) AppleWebKit/537.36 (KHTML, like Gecko) Chrome/69.0.3497.100 Safari/537.36"
::1 - - [01/Feb/2019:17:17:57 +0000] "POST /api/v1 HTTP/1.1" 200 155 "http://localhost:8080/lists" "Mozilla/5.0 (Macintosh; Intel Mac OS X 10_14_2) AppleWebKit/537.36 (KHTML, like Gecko) Chrome/69.0.3497.100 Safari/537.36"
::1 - - [01/Feb/2019:17:17:59 +0000] "POST /api/v1 HTTP/1.1" 400 150 "http://localhost:8080/list/5c5356129f9534b4e9f1619a" "Mozilla/5.0 (Macintosh; Intel Mac OS X 10_14_2) AppleWebKit/537.36 (KHTML, like Gecko) Chrome/69.0.3497.100 Safari/537.36"
::1 - - [01/Feb/2019:17:18:32 +0000] "OPTIONS /api/v1 HTTP/1.1" 204 0 "http://localhost:8080/list/5c5356129f9534b4e9f1619a" "Mozilla/5.0 (Macintosh; Intel Mac OS X 10_14_2) AppleWebKit/537.36 (KHTML, like Gecko) Chrome/69.0.3497.100 Safari/537.36"
::1 - - [01/Feb/2019:17:18:33 +0000] "POST /api/v1 HTTP/1.1" 400 150 "http://localhost:8080/list/5c5356129f9534b4e9f1619a" "Mozilla/5.0 (Macintosh; Intel Mac OS X 10_14_2) AppleWebKit/537.36 (KHTML, like Gecko) Chrome/69.0.3497.100 Safari/537.36"
::1 - - [01/Feb/2019:17:18:35 +0000] "POST /api/v1 HTTP/1.1" 400 150 "http://localhost:8080/list/5c5356129f9534b4e9f1619a" "Mozilla/5.0 (Macintosh; Intel Mac OS X 10_14_2) AppleWebKit/537.36 (KHTML, like Gecko) Chrome/69.0.3497.100 Safari/537.36"
::1 - - [01/Feb/2019:17:26:05 +0000] "OPTIONS /api/v1 HTTP/1.1" 204 0 "http://localhost:8080/list/5c5356129f9534b4e9f1619a" "Mozilla/5.0 (Macintosh; Intel Mac OS X 10_14_2) AppleWebKit/537.36 (KHTML, like Gecko) Chrome/69.0.3497.100 Safari/537.36"
::1 - - [01/Feb/2019:17:26:05 +0000] "POST /api/v1 HTTP/1.1" 400 150 "http://localhost:8080/list/5c5356129f9534b4e9f1619a" "Mozilla/5.0 (Macintosh; Intel Mac OS X 10_14_2) AppleWebKit/537.36 (KHTML, like Gecko) Chrome/69.0.3497.100 Safari/537.36"
::1 - - [01/Feb/2019:17:26:19 +0000] "OPTIONS /api/v1 HTTP/1.1" 204 0 "http://localhost:8080/list/5c5356129f9534b4e9f1619a" "Mozilla/5.0 (Macintosh; Intel Mac OS X 10_14_2) AppleWebKit/537.36 (KHTML, like Gecko) Chrome/69.0.3497.100 Safari/537.36"
::1 - - [01/Feb/2019:17:26:19 +0000] "POST /api/v1 HTTP/1.1" 400 150 "http://localhost:8080/list/5c5356129f9534b4e9f1619a" "Mozilla/5.0 (Macintosh; Intel Mac OS X 10_14_2) AppleWebKit/537.36 (KHTML, like Gecko) Chrome/69.0.3497.100 Safari/537.36"
::1 - - [01/Feb/2019:17:26:31 +0000] "OPTIONS /api/v1 HTTP/1.1" 204 0 "http://localhost:8080/list/5c5356129f9534b4e9f1619a" "Mozilla/5.0 (Macintosh; Intel Mac OS X 10_14_2) AppleWebKit/537.36 (KHTML, like Gecko) Chrome/69.0.3497.100 Safari/537.36"
::1 - - [01/Feb/2019:17:26:31 +0000] "POST /api/v1 HTTP/1.1" 400 150 "http://localhost:8080/list/5c5356129f9534b4e9f1619a" "Mozilla/5.0 (Macintosh; Intel Mac OS X 10_14_2) AppleWebKit/537.36 (KHTML, like Gecko) Chrome/69.0.3497.100 Safari/537.36"
::1 - - [01/Feb/2019:17:30:12 +0000] "OPTIONS /api/v1 HTTP/1.1" 204 0 "http://localhost:8080/list/5c5356129f9534b4e9f1619a" "Mozilla/5.0 (Macintosh; Intel Mac OS X 10_14_2) AppleWebKit/537.36 (KHTML, like Gecko) Chrome/69.0.3497.100 Safari/537.36"
::1 - - [01/Feb/2019:17:30:13 +0000] "POST /api/v1 HTTP/1.1" 400 150 "http://localhost:8080/list/5c5356129f9534b4e9f1619a" "Mozilla/5.0 (Macintosh; Intel Mac OS X 10_14_2) AppleWebKit/537.36 (KHTML, like Gecko) Chrome/69.0.3497.100 Safari/537.36"
::1 - - [01/Feb/2019:17:35:15 +0000] "OPTIONS /api/v1 HTTP/1.1" 204 0 "http://localhost:8080/list/5c5356129f9534b4e9f1619a" "Mozilla/5.0 (Macintosh; Intel Mac OS X 10_14_2) AppleWebKit/537.36 (KHTML, like Gecko) Chrome/69.0.3497.100 Safari/537.36"
::1 - - [01/Feb/2019:17:35:17 +0000] "POST /api/v1 HTTP/1.1" 400 150 "http://localhost:8080/list/5c5356129f9534b4e9f1619a" "Mozilla/5.0 (Macintosh; Intel Mac OS X 10_14_2) AppleWebKit/537.36 (KHTML, like Gecko) Chrome/69.0.3497.100 Safari/537.36"
::1 - - [01/Feb/2019:17:35:25 +0000] "OPTIONS /api/v1 HTTP/1.1" 204 0 "http://localhost:8080/list/5c5356129f9534b4e9f1619a" "Mozilla/5.0 (Macintosh; Intel Mac OS X 10_14_2) AppleWebKit/537.36 (KHTML, like Gecko) Chrome/69.0.3497.100 Safari/537.36"
::1 - - [01/Feb/2019:17:35:31 +0000] "POST /api/v1 HTTP/1.1" 200 101 "http://localhost:8080/list/5c5356129f9534b4e9f1619a" "Mozilla/5.0 (Macintosh; Intel Mac OS X 10_14_2) AppleWebKit/537.36 (KHTML, like Gecko) Chrome/69.0.3497.100 Safari/537.36"
::1 - - [01/Feb/2019:17:40:16 +0000] "OPTIONS /api/v1 HTTP/1.1" 204 0 "http://localhost:8080/list/5c5356129f9534b4e9f1619a" "Mozilla/5.0 (Macintosh; Intel Mac OS X 10_14_2) AppleWebKit/537.36 (KHTML, like Gecko) Chrome/69.0.3497.100 Safari/537.36"
::1 - - [01/Feb/2019:17:40:17 +0000] "POST /api/v1 HTTP/1.1" 400 150 "http://localhost:8080/list/5c5356129f9534b4e9f1619a" "Mozilla/5.0 (Macintosh; Intel Mac OS X 10_14_2) AppleWebKit/537.36 (KHTML, like Gecko) Chrome/69.0.3497.100 Safari/537.36"
::1 - - [01/Feb/2019:17:40:36 +0000] "OPTIONS /api/v1 HTTP/1.1" 204 0 "http://localhost:8080/list/5c5356129f9534b4e9f1619a" "Mozilla/5.0 (Macintosh; Intel Mac OS X 10_14_2) AppleWebKit/537.36 (KHTML, like Gecko) Chrome/69.0.3497.100 Safari/537.36"
::1 - - [01/Feb/2019:17:40:36 +0000] "POST /api/v1 HTTP/1.1" 400 150 "http://localhost:8080/list/5c5356129f9534b4e9f1619a" "Mozilla/5.0 (Macintosh; Intel Mac OS X 10_14_2) AppleWebKit/537.36 (KHTML, like Gecko) Chrome/69.0.3497.100 Safari/537.36"
::1 - - [01/Feb/2019:17:43:14 +0000] "OPTIONS /api/v1 HTTP/1.1" 204 0 "http://localhost:8080/list/5c5356129f9534b4e9f1619a" "Mozilla/5.0 (Macintosh; Intel Mac OS X 10_14_2) AppleWebKit/537.36 (KHTML, like Gecko) Chrome/69.0.3497.100 Safari/537.36"
::1 - - [01/Feb/2019:17:43:14 +0000] "POST /api/v1 HTTP/1.1" 400 150 "http://localhost:8080/list/5c5356129f9534b4e9f1619a" "Mozilla/5.0 (Macintosh; Intel Mac OS X 10_14_2) AppleWebKit/537.36 (KHTML, like Gecko) Chrome/69.0.3497.100 Safari/537.36"
::1 - - [01/Feb/2019:17:43:52 +0000] "OPTIONS /api/v1 HTTP/1.1" 204 0 "http://localhost:8080/list/5c5356129f9534b4e9f1619a" "Mozilla/5.0 (Macintosh; Intel Mac OS X 10_14_2) AppleWebKit/537.36 (KHTML, like Gecko) Chrome/69.0.3497.100 Safari/537.36"
::1 - - [01/Feb/2019:17:43:53 +0000] "POST /api/v1 HTTP/1.1" 400 150 "http://localhost:8080/list/5c5356129f9534b4e9f1619a" "Mozilla/5.0 (Macintosh; Intel Mac OS X 10_14_2) AppleWebKit/537.36 (KHTML, like Gecko) Chrome/69.0.3497.100 Safari/537.36"
::1 - - [01/Feb/2019:17:44:33 +0000] "OPTIONS /api/v1 HTTP/1.1" 204 0 "http://localhost:8080/list/5c5356129f9534b4e9f1619a" "Mozilla/5.0 (Macintosh; Intel Mac OS X 10_14_2) AppleWebKit/537.36 (KHTML, like Gecko) Chrome/69.0.3497.100 Safari/537.36"
::1 - - [01/Feb/2019:17:44:33 +0000] "POST /api/v1 HTTP/1.1" 400 150 "http://localhost:8080/list/5c5356129f9534b4e9f1619a" "Mozilla/5.0 (Macintosh; Intel Mac OS X 10_14_2) AppleWebKit/537.36 (KHTML, like Gecko) Chrome/69.0.3497.100 Safari/537.36"
::1 - - [01/Feb/2019:17:46:21 +0000] "OPTIONS /api/v1 HTTP/1.1" 204 0 "http://localhost:8080/list/5c5356129f9534b4e9f1619a" "Mozilla/5.0 (Macintosh; Intel Mac OS X 10_14_2) AppleWebKit/537.36 (KHTML, like Gecko) Chrome/69.0.3497.100 Safari/537.36"
::1 - - [01/Feb/2019:17:46:22 +0000] "POST /api/v1 HTTP/1.1" 400 150 "http://localhost:8080/list/5c5356129f9534b4e9f1619a" "Mozilla/5.0 (Macintosh; Intel Mac OS X 10_14_2) AppleWebKit/537.36 (KHTML, like Gecko) Chrome/69.0.3497.100 Safari/537.36"
::1 - - [01/Feb/2019:17:46:50 +0000] "OPTIONS /api/v1 HTTP/1.1" 204 0 "http://localhost:8080/list/5c5356129f9534b4e9f1619a" "Mozilla/5.0 (Macintosh; Intel Mac OS X 10_14_2) AppleWebKit/537.36 (KHTML, like Gecko) Chrome/69.0.3497.100 Safari/537.36"
::1 - - [01/Feb/2019:17:46:50 +0000] "POST /api/v1 HTTP/1.1" 200 123 "http://localhost:8080/list/5c5356129f9534b4e9f1619a" "Mozilla/5.0 (Macintosh; Intel Mac OS X 10_14_2) AppleWebKit/537.36 (KHTML, like Gecko) Chrome/69.0.3497.100 Safari/537.36"
::1 - - [01/Feb/2019:17:46:56 +0000] "OPTIONS /api/v1 HTTP/1.1" 204 0 "http://localhost:8080/list/5c5356129f9534b4e9f1619a" "Mozilla/5.0 (Macintosh; Intel Mac OS X 10_14_2) AppleWebKit/537.36 (KHTML, like Gecko) Chrome/69.0.3497.100 Safari/537.36"
::1 - - [01/Feb/2019:17:46:56 +0000] "POST /api/v1 HTTP/1.1" 200 123 "http://localhost:8080/list/5c5356129f9534b4e9f1619a" "Mozilla/5.0 (Macintosh; Intel Mac OS X 10_14_2) AppleWebKit/537.36 (KHTML, like Gecko) Chrome/69.0.3497.100 Safari/537.36"
::1 - - [01/Feb/2019:17:46:58 +0000] "POST /api/v1 HTTP/1.1" 200 123 "http://localhost:8080/list/5c5356129f9534b4e9f1619a" "Mozilla/5.0 (Macintosh; Intel Mac OS X 10_14_2) AppleWebKit/537.36 (KHTML, like Gecko) Chrome/69.0.3497.100 Safari/537.36"
::1 - - [01/Feb/2019:17:47:04 +0000] "OPTIONS /api/v1 HTTP/1.1" 204 0 "http://localhost:8080/list/5c5356129f9534b4e9f1619a" "Mozilla/5.0 (Macintosh; Intel Mac OS X 10_14_2) AppleWebKit/537.36 (KHTML, like Gecko) Chrome/69.0.3497.100 Safari/537.36"
::1 - - [01/Feb/2019:17:47:05 +0000] "POST /api/v1 HTTP/1.1" 200 123 "http://localhost:8080/list/5c5356129f9534b4e9f1619a" "Mozilla/5.0 (Macintosh; Intel Mac OS X 10_14_2) AppleWebKit/537.36 (KHTML, like Gecko) Chrome/69.0.3497.100 Safari/537.36"
::1 - - [01/Feb/2019:17:54:59 +0000] "OPTIONS /api/v1 HTTP/1.1" 204 0 "http://localhost:8080/list/5c5356129f9534b4e9f1619a" "Mozilla/5.0 (Macintosh; Intel Mac OS X 10_14_2) AppleWebKit/537.36 (KHTML, like Gecko) Chrome/69.0.3497.100 Safari/537.36"
::1 - - [01/Feb/2019:17:55:01 +0000] "POST /api/v1 HTTP/1.1" 200 123 "http://localhost:8080/list/5c5356129f9534b4e9f1619a" "Mozilla/5.0 (Macintosh; Intel Mac OS X 10_14_2) AppleWebKit/537.36 (KHTML, like Gecko) Chrome/69.0.3497.100 Safari/537.36"
::1 - - [01/Feb/2019:17:56:44 +0000] "OPTIONS /api/v1 HTTP/1.1" 204 0 "http://localhost:8080/list/5c5356129f9534b4e9f1619a" "Mozilla/5.0 (Macintosh; Intel Mac OS X 10_14_2) AppleWebKit/537.36 (KHTML, like Gecko) Chrome/69.0.3497.100 Safari/537.36"
::1 - - [01/Feb/2019:17:56:45 +0000] "POST /api/v1 HTTP/1.1" 400 150 "http://localhost:8080/list/5c5356129f9534b4e9f1619a" "Mozilla/5.0 (Macintosh; Intel Mac OS X 10_14_2) AppleWebKit/537.36 (KHTML, like Gecko) Chrome/69.0.3497.100 Safari/537.36"
::1 - - [01/Feb/2019:17:57:35 +0000] "OPTIONS /api/v1 HTTP/1.1" 204 0 "http://localhost:8080/list/5c5356129f9534b4e9f1619a" "Mozilla/5.0 (Macintosh; Intel Mac OS X 10_14_2) AppleWebKit/537.36 (KHTML, like Gecko) Chrome/69.0.3497.100 Safari/537.36"
::1 - - [01/Feb/2019:17:57:36 +0000] "POST /api/v1 HTTP/1.1" 200 123 "http://localhost:8080/list/5c5356129f9534b4e9f1619a" "Mozilla/5.0 (Macintosh; Intel Mac OS X 10_14_2) AppleWebKit/537.36 (KHTML, like Gecko) Chrome/69.0.3497.100 Safari/537.36"
::1 - - [01/Feb/2019:17:57:41 +0000] "OPTIONS /api/v1 HTTP/1.1" 204 0 "http://localhost:8080/list/5c5356129f9534b4e9f1619a" "Mozilla/5.0 (Macintosh; Intel Mac OS X 10_14_2) AppleWebKit/537.36 (KHTML, like Gecko) Chrome/69.0.3497.100 Safari/537.36"
::1 - - [01/Feb/2019:17:57:41 +0000] "POST /api/v1 HTTP/1.1" 200 57 "http://localhost:8080/list/5c5356129f9534b4e9f1619a" "Mozilla/5.0 (Macintosh; Intel Mac OS X 10_14_2) AppleWebKit/537.36 (KHTML, like Gecko) Chrome/69.0.3497.100 Safari/537.36"
::1 - - [01/Feb/2019:17:59:36 +0000] "OPTIONS /api/v1 HTTP/1.1" 204 0 "http://localhost:8080/list/5c5356129f9534b4e9f1619a" "Mozilla/5.0 (Macintosh; Intel Mac OS X 10_14_2) AppleWebKit/537.36 (KHTML, like Gecko) Chrome/69.0.3497.100 Safari/537.36"
::1 - - [01/Feb/2019:17:59:38 +0000] "POST /api/v1 HTTP/1.1" 200 28 "http://localhost:8080/list/5c5356129f9534b4e9f1619a" "Mozilla/5.0 (Macintosh; Intel Mac OS X 10_14_2) AppleWebKit/537.36 (KHTML, like Gecko) Chrome/69.0.3497.100 Safari/537.36"
::1 - - [01/Feb/2019:18:01:42 +0000] "OPTIONS /api/v1 HTTP/1.1" 204 0 "http://localhost:8080/list/5c5356129f9534b4e9f1619a" "Mozilla/5.0 (Macintosh; Intel Mac OS X 10_14_2) AppleWebKit/537.36 (KHTML, like Gecko) Chrome/69.0.3497.100 Safari/537.36"
::1 - - [01/Feb/2019:18:01:43 +0000] "POST /api/v1 HTTP/1.1" 200 103 "http://localhost:8080/list/5c5356129f9534b4e9f1619a" "Mozilla/5.0 (Macintosh; Intel Mac OS X 10_14_2) AppleWebKit/537.36 (KHTML, like Gecko) Chrome/69.0.3497.100 Safari/537.36"
::1 - - [01/Feb/2019:18:02:43 +0000] "OPTIONS /api/v1 HTTP/1.1" 204 0 "http://localhost:8080/list/5c5356129f9534b4e9f1619a" "Mozilla/5.0 (Macintosh; Intel Mac OS X 10_14_2) AppleWebKit/537.36 (KHTML, like Gecko) Chrome/69.0.3497.100 Safari/537.36"
::1 - - [01/Feb/2019:18:02:43 +0000] "POST /api/v1 HTTP/1.1" 200 125 "http://localhost:8080/list/5c5356129f9534b4e9f1619a" "Mozilla/5.0 (Macintosh; Intel Mac OS X 10_14_2) AppleWebKit/537.36 (KHTML, like Gecko) Chrome/69.0.3497.100 Safari/537.36"
::1 - - [01/Feb/2019:18:02:51 +0000] "OPTIONS /api/v1 HTTP/1.1" 204 0 "http://localhost:8080/list/5c5356129f9534b4e9f1619a" "Mozilla/5.0 (Macintosh; Intel Mac OS X 10_14_2) AppleWebKit/537.36 (KHTML, like Gecko) Chrome/69.0.3497.100 Safari/537.36"
::1 - - [01/Feb/2019:18:02:51 +0000] "POST /api/v1 HTTP/1.1" 200 98 "http://localhost:8080/list/5c5356129f9534b4e9f1619a" "Mozilla/5.0 (Macintosh; Intel Mac OS X 10_14_2) AppleWebKit/537.36 (KHTML, like Gecko) Chrome/69.0.3497.100 Safari/537.36"
::1 - - [01/Feb/2019:18:02:58 +0000] "OPTIONS /api/v1 HTTP/1.1" 204 0 "http://localhost:8080/list/5c5356129f9534b4e9f1619a" "Mozilla/5.0 (Macintosh; Intel Mac OS X 10_14_2) AppleWebKit/537.36 (KHTML, like Gecko) Chrome/69.0.3497.100 Safari/537.36"
::1 - - [01/Feb/2019:18:02:58 +0000] "POST /api/v1 HTTP/1.1" 200 104 "http://localhost:8080/list/5c5356129f9534b4e9f1619a" "Mozilla/5.0 (Macintosh; Intel Mac OS X 10_14_2) AppleWebKit/537.36 (KHTML, like Gecko) Chrome/69.0.3497.100 Safari/537.36"
::1 - - [01/Feb/2019:18:06:27 +0000] "OPTIONS /api/v1 HTTP/1.1" 204 0 "http://localhost:8080/list/5c5356129f9534b4e9f1619a" "Mozilla/5.0 (Macintosh; Intel Mac OS X 10_14_2) AppleWebKit/537.36 (KHTML, like Gecko) Chrome/69.0.3497.100 Safari/537.36"
::1 - - [01/Feb/2019:18:06:31 +0000] "POST /api/v1 HTTP/1.1" 200 317 "http://localhost:8080/list/5c5356129f9534b4e9f1619a" "Mozilla/5.0 (Macintosh; Intel Mac OS X 10_14_2) AppleWebKit/537.36 (KHTML, like Gecko) Chrome/69.0.3497.100 Safari/537.36"
::1 - - [01/Feb/2019:18:09:45 +0000] "OPTIONS /api/v1 HTTP/1.1" 204 0 "http://localhost:8080/list/5c5356129f9534b4e9f1619a" "Mozilla/5.0 (Macintosh; Intel Mac OS X 10_14_2) AppleWebKit/537.36 (KHTML, like Gecko) Chrome/69.0.3497.100 Safari/537.36"
::1 - - [01/Feb/2019:18:09:46 +0000] "POST /api/v1 HTTP/1.1" 200 317 "http://localhost:8080/list/5c5356129f9534b4e9f1619a" "Mozilla/5.0 (Macintosh; Intel Mac OS X 10_14_2) AppleWebKit/537.36 (KHTML, like Gecko) Chrome/69.0.3497.100 Safari/537.36"
::1 - - [01/Feb/2019:18:09:48 +0000] "POST /api/v1 HTTP/1.1" 200 317 "http://localhost:8080/list/5c5356129f9534b4e9f1619a" "Mozilla/5.0 (Macintosh; Intel Mac OS X 10_14_2) AppleWebKit/537.36 (KHTML, like Gecko) Chrome/69.0.3497.100 Safari/537.36"
::1 - - [01/Feb/2019:18:11:18 +0000] "OPTIONS /api/v1 HTTP/1.1" 204 0 "http://localhost:8080/list/5c5356129f9534b4e9f1619a" "Mozilla/5.0 (Macintosh; Intel Mac OS X 10_14_2) AppleWebKit/537.36 (KHTML, like Gecko) Chrome/69.0.3497.100 Safari/537.36"
::1 - - [01/Feb/2019:18:11:18 +0000] "OPTIONS /api/v1 HTTP/1.1" 204 0 "http://localhost:8080/list/5c5356129f9534b4e9f1619a" "Mozilla/5.0 (Macintosh; Intel Mac OS X 10_14_2) AppleWebKit/537.36 (KHTML, like Gecko) Chrome/69.0.3497.100 Safari/537.36"
::1 - - [01/Feb/2019:18:11:19 +0000] "POST /api/v1 HTTP/1.1" 200 317 "http://localhost:8080/list/5c5356129f9534b4e9f1619a" "Mozilla/5.0 (Macintosh; Intel Mac OS X 10_14_2) AppleWebKit/537.36 (KHTML, like Gecko) Chrome/69.0.3497.100 Safari/537.36"
::1 - - [01/Feb/2019:18:11:19 +0000] "POST /api/v1 HTTP/1.1" 200 270 "http://localhost:8080/list/5c5356129f9534b4e9f1619a" "Mozilla/5.0 (Macintosh; Intel Mac OS X 10_14_2) AppleWebKit/537.36 (KHTML, like Gecko) Chrome/69.0.3497.100 Safari/537.36"
::1 - - [01/Feb/2019:18:13:46 +0000] "OPTIONS /api/v1 HTTP/1.1" 204 0 "http://localhost:8080/list/5c5356129f9534b4e9f1619a" "Mozilla/5.0 (Macintosh; Intel Mac OS X 10_14_2) AppleWebKit/537.36 (KHTML, like Gecko) Chrome/69.0.3497.100 Safari/537.36"
::1 - - [01/Feb/2019:18:13:46 +0000] "OPTIONS /api/v1 HTTP/1.1" 204 0 "http://localhost:8080/list/5c5356129f9534b4e9f1619a" "Mozilla/5.0 (Macintosh; Intel Mac OS X 10_14_2) AppleWebKit/537.36 (KHTML, like Gecko) Chrome/69.0.3497.100 Safari/537.36"
::1 - - [01/Feb/2019:18:13:46 +0000] "POST /api/v1 HTTP/1.1" 200 270 "http://localhost:8080/list/5c5356129f9534b4e9f1619a" "Mozilla/5.0 (Macintosh; Intel Mac OS X 10_14_2) AppleWebKit/537.36 (KHTML, like Gecko) Chrome/69.0.3497.100 Safari/537.36"
::1 - - [01/Feb/2019:18:13:46 +0000] "POST /api/v1 HTTP/1.1" 200 317 "http://localhost:8080/list/5c5356129f9534b4e9f1619a" "Mozilla/5.0 (Macintosh; Intel Mac OS X 10_14_2) AppleWebKit/537.36 (KHTML, like Gecko) Chrome/69.0.3497.100 Safari/537.36"
::1 - - [01/Feb/2019:18:14:18 +0000] "OPTIONS /api/v1 HTTP/1.1" 204 0 "http://localhost:8080/list/5c5356129f9534b4e9f1619a" "Mozilla/5.0 (Macintosh; Intel Mac OS X 10_14_2) AppleWebKit/537.36 (KHTML, like Gecko) Chrome/69.0.3497.100 Safari/537.36"
::1 - - [01/Feb/2019:18:14:18 +0000] "OPTIONS /api/v1 HTTP/1.1" 204 0 "http://localhost:8080/list/5c5356129f9534b4e9f1619a" "Mozilla/5.0 (Macintosh; Intel Mac OS X 10_14_2) AppleWebKit/537.36 (KHTML, like Gecko) Chrome/69.0.3497.100 Safari/537.36"
::1 - - [01/Feb/2019:18:14:19 +0000] "POST /api/v1 HTTP/1.1" 200 270 "http://localhost:8080/list/5c5356129f9534b4e9f1619a" "Mozilla/5.0 (Macintosh; Intel Mac OS X 10_14_2) AppleWebKit/537.36 (KHTML, like Gecko) Chrome/69.0.3497.100 Safari/537.36"
::1 - - [01/Feb/2019:18:14:19 +0000] "POST /api/v1 HTTP/1.1" 200 317 "http://localhost:8080/list/5c5356129f9534b4e9f1619a" "Mozilla/5.0 (Macintosh; Intel Mac OS X 10_14_2) AppleWebKit/537.36 (KHTML, like Gecko) Chrome/69.0.3497.100 Safari/537.36"
::1 - - [01/Feb/2019:18:16:15 +0000] "OPTIONS /api/v1 HTTP/1.1" 204 0 "http://localhost:8080/list/5c5356129f9534b4e9f1619a" "Mozilla/5.0 (Macintosh; Intel Mac OS X 10_14_2) AppleWebKit/537.36 (KHTML, like Gecko) Chrome/69.0.3497.100 Safari/537.36"
::1 - - [01/Feb/2019:18:16:15 +0000] "OPTIONS /api/v1 HTTP/1.1" 204 0 "http://localhost:8080/list/5c5356129f9534b4e9f1619a" "Mozilla/5.0 (Macintosh; Intel Mac OS X 10_14_2) AppleWebKit/537.36 (KHTML, like Gecko) Chrome/69.0.3497.100 Safari/537.36"
::1 - - [01/Feb/2019:18:16:16 +0000] "POST /api/v1 HTTP/1.1" 200 270 "http://localhost:8080/list/5c5356129f9534b4e9f1619a" "Mozilla/5.0 (Macintosh; Intel Mac OS X 10_14_2) AppleWebKit/537.36 (KHTML, like Gecko) Chrome/69.0.3497.100 Safari/537.36"
::1 - - [01/Feb/2019:18:16:16 +0000] "POST /api/v1 HTTP/1.1" 200 317 "http://localhost:8080/list/5c5356129f9534b4e9f1619a" "Mozilla/5.0 (Macintosh; Intel Mac OS X 10_14_2) AppleWebKit/537.36 (KHTML, like Gecko) Chrome/69.0.3497.100 Safari/537.36"
