::1 - - [31/Jan/2019:12:53:06 +0000] "OPTIONS /api/v1 HTTP/1.1" 204 0 "http://localhost:8080/login" "Mozilla/5.0 (Macintosh; Intel Mac OS X 10_14_2) AppleWebKit/537.36 (KHTML, like Gecko) Chrome/69.0.3497.100 Safari/537.36"
::1 - - [31/Jan/2019:12:53:07 +0000] "POST /api/v1 HTTP/1.1" 200 324 "http://localhost:8080/login" "Mozilla/5.0 (Macintosh; Intel Mac OS X 10_14_2) AppleWebKit/537.36 (KHTML, like Gecko) Chrome/69.0.3497.100 Safari/537.36"
::1 - - [31/Jan/2019:13:16:08 +0000] "OPTIONS /api/v1 HTTP/1.1" 204 0 "http://localhost:8080/login" "Mozilla/5.0 (Macintosh; Intel Mac OS X 10_14_2) AppleWebKit/537.36 (KHTML, like Gecko) Chrome/69.0.3497.100 Safari/537.36"
::1 - - [31/Jan/2019:13:16:08 +0000] "POST /api/v1 HTTP/1.1" 200 150 "http://localhost:8080/login" "Mozilla/5.0 (Macintosh; Intel Mac OS X 10_14_2) AppleWebKit/537.36 (KHTML, like Gecko) Chrome/69.0.3497.100 Safari/537.36"
::1 - - [31/Jan/2019:13:16:11 +0000] "POST /api/v1 HTTP/1.1" 200 150 "http://localhost:8080/login" "Mozilla/5.0 (Macintosh; Intel Mac OS X 10_14_2) AppleWebKit/537.36 (KHTML, like Gecko) Chrome/69.0.3497.100 Safari/537.36"
::1 - - [31/Jan/2019:13:16:15 +0000] "OPTIONS /api/v1 HTTP/1.1" 204 0 "http://localhost:8080/login" "Mozilla/5.0 (Macintosh; Intel Mac OS X 10_14_2) AppleWebKit/537.36 (KHTML, like Gecko) Chrome/69.0.3497.100 Safari/537.36"
::1 - - [31/Jan/2019:13:16:15 +0000] "POST /api/v1 HTTP/1.1" 200 150 "http://localhost:8080/login" "Mozilla/5.0 (Macintosh; Intel Mac OS X 10_14_2) AppleWebKit/537.36 (KHTML, like Gecko) Chrome/69.0.3497.100 Safari/537.36"
::1 - - [31/Jan/2019:13:16:18 +0000] "POST /api/v1 HTTP/1.1" 200 150 "http://localhost:8080/login" "Mozilla/5.0 (Macintosh; Intel Mac OS X 10_14_2) AppleWebKit/537.36 (KHTML, like Gecko) Chrome/69.0.3497.100 Safari/537.36"
::1 - - [31/Jan/2019:13:17:06 +0000] "OPTIONS /api/v1 HTTP/1.1" 204 0 "http://localhost:8080/login" "Mozilla/5.0 (Macintosh; Intel Mac OS X 10_14_2) AppleWebKit/537.36 (KHTML, like Gecko) Chrome/69.0.3497.100 Safari/537.36"
::1 - - [31/Jan/2019:13:17:06 +0000] "POST /api/v1 HTTP/1.1" 200 150 "http://localhost:8080/login" "Mozilla/5.0 (Macintosh; Intel Mac OS X 10_14_2) AppleWebKit/537.36 (KHTML, like Gecko) Chrome/69.0.3497.100 Safari/537.36"
::1 - - [31/Jan/2019:13:20:25 +0000] "OPTIONS /api/v1 HTTP/1.1" 204 0 "http://localhost:8080/login" "Mozilla/5.0 (Macintosh; Intel Mac OS X 10_14_2) AppleWebKit/537.36 (KHTML, like Gecko) Chrome/69.0.3497.100 Safari/537.36"
::1 - - [31/Jan/2019:13:20:25 +0000] "POST /api/v1 HTTP/1.1" 200 150 "http://localhost:8080/login" "Mozilla/5.0 (Macintosh; Intel Mac OS X 10_14_2) AppleWebKit/537.36 (KHTML, like Gecko) Chrome/69.0.3497.100 Safari/537.36"
::1 - - [31/Jan/2019:13:20:51 +0000] "OPTIONS /api/v1 HTTP/1.1" 204 0 "http://localhost:8080/login" "Mozilla/5.0 (Macintosh; Intel Mac OS X 10_14_2) AppleWebKit/537.36 (KHTML, like Gecko) Chrome/69.0.3497.100 Safari/537.36"
::1 - - [31/Jan/2019:13:20:51 +0000] "POST /api/v1 HTTP/1.1" 200 324 "http://localhost:8080/login" "Mozilla/5.0 (Macintosh; Intel Mac OS X 10_14_2) AppleWebKit/537.36 (KHTML, like Gecko) Chrome/69.0.3497.100 Safari/537.36"
::1 - - [31/Jan/2019:13:21:34 +0000] "OPTIONS /api/v1 HTTP/1.1" 204 0 "http://localhost:8080/signup" "Mozilla/5.0 (Macintosh; Intel Mac OS X 10_14_2) AppleWebKit/537.36 (KHTML, like Gecko) Chrome/69.0.3497.100 Safari/537.36"
::1 - - [31/Jan/2019:13:21:34 +0000] "POST /api/v1 HTTP/1.1" 200 216 "http://localhost:8080/signup" "Mozilla/5.0 (Macintosh; Intel Mac OS X 10_14_2) AppleWebKit/537.36 (KHTML, like Gecko) Chrome/69.0.3497.100 Safari/537.36"
::1 - - [31/Jan/2019:13:22:26 +0000] "OPTIONS /api/v1 HTTP/1.1" 204 0 "http://localhost:8080/signup" "Mozilla/5.0 (Macintosh; Intel Mac OS X 10_14_2) AppleWebKit/537.36 (KHTML, like Gecko) Chrome/69.0.3497.100 Safari/537.36"
::1 - - [31/Jan/2019:13:22:26 +0000] "POST /api/v1 HTTP/1.1" 200 216 "http://localhost:8080/signup" "Mozilla/5.0 (Macintosh; Intel Mac OS X 10_14_2) AppleWebKit/537.36 (KHTML, like Gecko) Chrome/69.0.3497.100 Safari/537.36"
::1 - - [31/Jan/2019:13:22:27 +0000] "POST /api/v1 HTTP/1.1" 200 216 "http://localhost:8080/signup" "Mozilla/5.0 (Macintosh; Intel Mac OS X 10_14_2) AppleWebKit/537.36 (KHTML, like Gecko) Chrome/69.0.3497.100 Safari/537.36"
::1 - - [31/Jan/2019:13:25:25 +0000] "OPTIONS /api/v1 HTTP/1.1" 204 0 "http://localhost:8080/signup" "Mozilla/5.0 (Macintosh; Intel Mac OS X 10_14_2) AppleWebKit/537.36 (KHTML, like Gecko) Chrome/69.0.3497.100 Safari/537.36"
::1 - - [31/Jan/2019:13:25:26 +0000] "POST /api/v1 HTTP/1.1" 200 120 "http://localhost:8080/signup" "Mozilla/5.0 (Macintosh; Intel Mac OS X 10_14_2) AppleWebKit/537.36 (KHTML, like Gecko) Chrome/69.0.3497.100 Safari/537.36"
::1 - - [31/Jan/2019:13:28:28 +0000] "OPTIONS /api/v1 HTTP/1.1" 204 0 "http://localhost:8080/signup" "Mozilla/5.0 (Macintosh; Intel Mac OS X 10_14_2) AppleWebKit/537.36 (KHTML, like Gecko) Chrome/69.0.3497.100 Safari/537.36"
::1 - - [31/Jan/2019:13:28:28 +0000] "POST /api/v1 HTTP/1.1" 200 58 "http://localhost:8080/signup" "Mozilla/5.0 (Macintosh; Intel Mac OS X 10_14_2) AppleWebKit/537.36 (KHTML, like Gecko) Chrome/69.0.3497.100 Safari/537.36"
::1 - - [31/Jan/2019:13:29:37 +0000] "OPTIONS /api/v1 HTTP/1.1" 204 0 "http://localhost:8080/signup" "Mozilla/5.0 (Macintosh; Intel Mac OS X 10_14_2) AppleWebKit/537.36 (KHTML, like Gecko) Chrome/69.0.3497.100 Safari/537.36"
::1 - - [31/Jan/2019:13:29:37 +0000] "POST /api/v1 HTTP/1.1" 200 139 "http://localhost:8080/signup" "Mozilla/5.0 (Macintosh; Intel Mac OS X 10_14_2) AppleWebKit/537.36 (KHTML, like Gecko) Chrome/69.0.3497.100 Safari/537.36"
::1 - - [31/Jan/2019:13:31:36 +0000] "OPTIONS /api/v1 HTTP/1.1" 204 0 "http://localhost:8080/signup" "Mozilla/5.0 (Macintosh; Intel Mac OS X 10_14_2) AppleWebKit/537.36 (KHTML, like Gecko) Chrome/69.0.3497.100 Safari/537.36"
::1 - - [31/Jan/2019:13:31:36 +0000] "POST /api/v1 HTTP/1.1" 200 139 "http://localhost:8080/signup" "Mozilla/5.0 (Macintosh; Intel Mac OS X 10_14_2) AppleWebKit/537.36 (KHTML, like Gecko) Chrome/69.0.3497.100 Safari/537.36"
::1 - - [31/Jan/2019:13:31:39 +0000] "POST /api/v1 HTTP/1.1" 200 139 "http://localhost:8080/signup" "Mozilla/5.0 (Macintosh; Intel Mac OS X 10_14_2) AppleWebKit/537.36 (KHTML, like Gecko) Chrome/69.0.3497.100 Safari/537.36"
::1 - - [31/Jan/2019:13:34:52 +0000] "OPTIONS /api/v1 HTTP/1.1" 204 0 "http://localhost:8080/signup" "Mozilla/5.0 (Macintosh; Intel Mac OS X 10_14_2) AppleWebKit/537.36 (KHTML, like Gecko) Chrome/69.0.3497.100 Safari/537.36"
::1 - - [31/Jan/2019:13:34:52 +0000] "POST /api/v1 HTTP/1.1" 200 139 "http://localhost:8080/signup" "Mozilla/5.0 (Macintosh; Intel Mac OS X 10_14_2) AppleWebKit/537.36 (KHTML, like Gecko) Chrome/69.0.3497.100 Safari/537.36"
::1 - - [31/Jan/2019:13:35:51 +0000] "OPTIONS /api/v1 HTTP/1.1" 204 0 "http://localhost:8080/signup" "Mozilla/5.0 (Macintosh; Intel Mac OS X 10_14_2) AppleWebKit/537.36 (KHTML, like Gecko) Chrome/69.0.3497.100 Safari/537.36"
::1 - - [31/Jan/2019:13:35:51 +0000] "POST /api/v1 HTTP/1.1" 200 139 "http://localhost:8080/signup" "Mozilla/5.0 (Macintosh; Intel Mac OS X 10_14_2) AppleWebKit/537.36 (KHTML, like Gecko) Chrome/69.0.3497.100 Safari/537.36"
::1 - - [31/Jan/2019:13:37:13 +0000] "OPTIONS /api/v1 HTTP/1.1" 204 0 "http://localhost:8080/login" "Mozilla/5.0 (Macintosh; Intel Mac OS X 10_14_2) AppleWebKit/537.36 (KHTML, like Gecko) Chrome/69.0.3497.100 Safari/537.36"
::1 - - [31/Jan/2019:13:37:14 +0000] "POST /api/v1 HTTP/1.1" 200 150 "http://localhost:8080/login" "Mozilla/5.0 (Macintosh; Intel Mac OS X 10_14_2) AppleWebKit/537.36 (KHTML, like Gecko) Chrome/69.0.3497.100 Safari/537.36"
::1 - - [31/Jan/2019:13:37:20 +0000] "OPTIONS /api/v1 HTTP/1.1" 204 0 "http://localhost:8080/login" "Mozilla/5.0 (Macintosh; Intel Mac OS X 10_14_2) AppleWebKit/537.36 (KHTML, like Gecko) Chrome/69.0.3497.100 Safari/537.36"
::1 - - [31/Jan/2019:13:37:20 +0000] "POST /api/v1 HTTP/1.1" 200 325 "http://localhost:8080/login" "Mozilla/5.0 (Macintosh; Intel Mac OS X 10_14_2) AppleWebKit/537.36 (KHTML, like Gecko) Chrome/69.0.3497.100 Safari/537.36"
::1 - - [31/Jan/2019:13:37:51 +0000] "OPTIONS /api/v1 HTTP/1.1" 204 0 "http://localhost:8080/login" "Mozilla/5.0 (Macintosh; Intel Mac OS X 10_14_2) AppleWebKit/537.36 (KHTML, like Gecko) Chrome/69.0.3497.100 Safari/537.36"
::1 - - [31/Jan/2019:13:37:52 +0000] "POST /api/v1 HTTP/1.1" 200 150 "http://localhost:8080/login" "Mozilla/5.0 (Macintosh; Intel Mac OS X 10_14_2) AppleWebKit/537.36 (KHTML, like Gecko) Chrome/69.0.3497.100 Safari/537.36"
::1 - - [31/Jan/2019:13:39:33 +0000] "OPTIONS /api/v1 HTTP/1.1" 204 0 "http://localhost:8080/login" "Mozilla/5.0 (Macintosh; Intel Mac OS X 10_14_2) AppleWebKit/537.36 (KHTML, like Gecko) Chrome/69.0.3497.100 Safari/537.36"
::1 - - [31/Jan/2019:13:39:33 +0000] "POST /api/v1 HTTP/1.1" 200 150 "http://localhost:8080/login" "Mozilla/5.0 (Macintosh; Intel Mac OS X 10_14_2) AppleWebKit/537.36 (KHTML, like Gecko) Chrome/69.0.3497.100 Safari/537.36"
::1 - - [31/Jan/2019:13:41:23 +0000] "OPTIONS /api/v1 HTTP/1.1" 204 0 "http://localhost:8080/login" "Mozilla/5.0 (Macintosh; Intel Mac OS X 10_14_2) AppleWebKit/537.36 (KHTML, like Gecko) Chrome/69.0.3497.100 Safari/537.36"
::1 - - [31/Jan/2019:13:41:24 +0000] "POST /api/v1 HTTP/1.1" 200 150 "http://localhost:8080/login" "Mozilla/5.0 (Macintosh; Intel Mac OS X 10_14_2) AppleWebKit/537.36 (KHTML, like Gecko) Chrome/69.0.3497.100 Safari/537.36"
::1 - - [31/Jan/2019:13:41:27 +0000] "POST /api/v1 HTTP/1.1" 200 150 "http://localhost:8080/login" "Mozilla/5.0 (Macintosh; Intel Mac OS X 10_14_2) AppleWebKit/537.36 (KHTML, like Gecko) Chrome/69.0.3497.100 Safari/537.36"
::1 - - [31/Jan/2019:13:59:10 +0000] "OPTIONS /api/v1 HTTP/1.1" 204 0 "http://localhost:8080/login" "Mozilla/5.0 (Macintosh; Intel Mac OS X 10_14_2) AppleWebKit/537.36 (KHTML, like Gecko) Chrome/69.0.3497.100 Safari/537.36"
::1 - - [31/Jan/2019:13:59:10 +0000] "POST /api/v1 HTTP/1.1" 200 150 "http://localhost:8080/login" "Mozilla/5.0 (Macintosh; Intel Mac OS X 10_14_2) AppleWebKit/537.36 (KHTML, like Gecko) Chrome/69.0.3497.100 Safari/537.36"
::1 - - [31/Jan/2019:13:59:19 +0000] "OPTIONS /api/v1 HTTP/1.1" 204 0 "http://localhost:8080/login" "Mozilla/5.0 (Macintosh; Intel Mac OS X 10_14_2) AppleWebKit/537.36 (KHTML, like Gecko) Chrome/69.0.3497.100 Safari/537.36"
::1 - - [31/Jan/2019:13:59:20 +0000] "POST /api/v1 HTTP/1.1" 200 150 "http://localhost:8080/login" "Mozilla/5.0 (Macintosh; Intel Mac OS X 10_14_2) AppleWebKit/537.36 (KHTML, like Gecko) Chrome/69.0.3497.100 Safari/537.36"
::1 - - [31/Jan/2019:13:59:21 +0000] "POST /api/v1 HTTP/1.1" 200 150 "http://localhost:8080/login" "Mozilla/5.0 (Macintosh; Intel Mac OS X 10_14_2) AppleWebKit/537.36 (KHTML, like Gecko) Chrome/69.0.3497.100 Safari/537.36"
::1 - - [31/Jan/2019:13:59:22 +0000] "POST /api/v1 HTTP/1.1" 200 150 "http://localhost:8080/login" "Mozilla/5.0 (Macintosh; Intel Mac OS X 10_14_2) AppleWebKit/537.36 (KHTML, like Gecko) Chrome/69.0.3497.100 Safari/537.36"
::1 - - [31/Jan/2019:13:59:22 +0000] "POST /api/v1 HTTP/1.1" 200 150 "http://localhost:8080/login" "Mozilla/5.0 (Macintosh; Intel Mac OS X 10_14_2) AppleWebKit/537.36 (KHTML, like Gecko) Chrome/69.0.3497.100 Safari/537.36"
::1 - - [31/Jan/2019:13:59:27 +0000] "OPTIONS /api/v1 HTTP/1.1" 204 0 "http://localhost:8080/login" "Mozilla/5.0 (Macintosh; Intel Mac OS X 10_14_2) AppleWebKit/537.36 (KHTML, like Gecko) Chrome/69.0.3497.100 Safari/537.36"
::1 - - [31/Jan/2019:13:59:27 +0000] "POST /api/v1 HTTP/1.1" 200 150 "http://localhost:8080/login" "Mozilla/5.0 (Macintosh; Intel Mac OS X 10_14_2) AppleWebKit/537.36 (KHTML, like Gecko) Chrome/69.0.3497.100 Safari/537.36"
::1 - - [31/Jan/2019:13:59:35 +0000] "OPTIONS /api/v1 HTTP/1.1" 204 0 "http://localhost:8080/login" "Mozilla/5.0 (Macintosh; Intel Mac OS X 10_14_2) AppleWebKit/537.36 (KHTML, like Gecko) Chrome/69.0.3497.100 Safari/537.36"
::1 - - [31/Jan/2019:13:59:36 +0000] "POST /api/v1 HTTP/1.1" 200 150 "http://localhost:8080/login" "Mozilla/5.0 (Macintosh; Intel Mac OS X 10_14_2) AppleWebKit/537.36 (KHTML, like Gecko) Chrome/69.0.3497.100 Safari/537.36"
::1 - - [31/Jan/2019:14:16:10 +0000] "OPTIONS /api/v1 HTTP/1.1" 204 0 "http://localhost:8080/login" "Mozilla/5.0 (Macintosh; Intel Mac OS X 10_14_2) AppleWebKit/537.36 (KHTML, like Gecko) Chrome/69.0.3497.100 Safari/537.36"
::1 - - [31/Jan/2019:14:16:11 +0000] "POST /api/v1 HTTP/1.1" 200 150 "http://localhost:8080/login" "Mozilla/5.0 (Macintosh; Intel Mac OS X 10_14_2) AppleWebKit/537.36 (KHTML, like Gecko) Chrome/69.0.3497.100 Safari/537.36"
::1 - - [31/Jan/2019:14:16:20 +0000] "OPTIONS /api/v1 HTTP/1.1" 204 0 "http://localhost:8080/login" "Mozilla/5.0 (Macintosh; Intel Mac OS X 10_14_2) AppleWebKit/537.36 (KHTML, like Gecko) Chrome/69.0.3497.100 Safari/537.36"
::1 - - [31/Jan/2019:14:16:20 +0000] "POST /api/v1 HTTP/1.1" 200 325 "http://localhost:8080/login" "Mozilla/5.0 (Macintosh; Intel Mac OS X 10_14_2) AppleWebKit/537.36 (KHTML, like Gecko) Chrome/69.0.3497.100 Safari/537.36"
::1 - - [31/Jan/2019:14:17:24 +0000] "OPTIONS /api/v1 HTTP/1.1" 204 0 "http://localhost:8080/login" "Mozilla/5.0 (Macintosh; Intel Mac OS X 10_14_2) AppleWebKit/537.36 (KHTML, like Gecko) Chrome/69.0.3497.100 Safari/537.36"
::1 - - [31/Jan/2019:14:17:25 +0000] "POST /api/v1 HTTP/1.1" 200 325 "http://localhost:8080/login" "Mozilla/5.0 (Macintosh; Intel Mac OS X 10_14_2) AppleWebKit/537.36 (KHTML, like Gecko) Chrome/69.0.3497.100 Safari/537.36"
::1 - - [31/Jan/2019:14:18:12 +0000] "OPTIONS /api/v1 HTTP/1.1" 204 0 "http://localhost:8080/login" "Mozilla/5.0 (Macintosh; Intel Mac OS X 10_14_2) AppleWebKit/537.36 (KHTML, like Gecko) Chrome/69.0.3497.100 Safari/537.36"
::1 - - [31/Jan/2019:14:18:13 +0000] "POST /api/v1 HTTP/1.1" 200 325 "http://localhost:8080/login" "Mozilla/5.0 (Macintosh; Intel Mac OS X 10_14_2) AppleWebKit/537.36 (KHTML, like Gecko) Chrome/69.0.3497.100 Safari/537.36"
::1 - - [31/Jan/2019:14:19:53 +0000] "OPTIONS /api/v1 HTTP/1.1" 204 0 "http://localhost:8080/login" "Mozilla/5.0 (Macintosh; Intel Mac OS X 10_14_2) AppleWebKit/537.36 (KHTML, like Gecko) Chrome/69.0.3497.100 Safari/537.36"
::1 - - [31/Jan/2019:14:19:54 +0000] "POST /api/v1 HTTP/1.1" 200 325 "http://localhost:8080/login" "Mozilla/5.0 (Macintosh; Intel Mac OS X 10_14_2) AppleWebKit/537.36 (KHTML, like Gecko) Chrome/69.0.3497.100 Safari/537.36"
::1 - - [31/Jan/2019:14:22:23 +0000] "OPTIONS /api/v1 HTTP/1.1" 204 0 "http://localhost:8080/login" "Mozilla/5.0 (Macintosh; Intel Mac OS X 10_14_2) AppleWebKit/537.36 (KHTML, like Gecko) Chrome/69.0.3497.100 Safari/537.36"
::1 - - [31/Jan/2019:14:22:23 +0000] "POST /api/v1 HTTP/1.1" 200 325 "http://localhost:8080/login" "Mozilla/5.0 (Macintosh; Intel Mac OS X 10_14_2) AppleWebKit/537.36 (KHTML, like Gecko) Chrome/69.0.3497.100 Safari/537.36"
::1 - - [31/Jan/2019:14:30:17 +0000] "OPTIONS /api/v1 HTTP/1.1" 204 0 "http://localhost:8080/login" "Mozilla/5.0 (Macintosh; Intel Mac OS X 10_14_2) AppleWebKit/537.36 (KHTML, like Gecko) Chrome/69.0.3497.100 Safari/537.36"
::1 - - [31/Jan/2019:14:30:19 +0000] "POST /api/v1 HTTP/1.1" 200 325 "http://localhost:8080/login" "Mozilla/5.0 (Macintosh; Intel Mac OS X 10_14_2) AppleWebKit/537.36 (KHTML, like Gecko) Chrome/69.0.3497.100 Safari/537.36"
::1 - - [31/Jan/2019:14:32:12 +0000] "OPTIONS /api/v1 HTTP/1.1" 204 0 "http://localhost:8080/login" "Mozilla/5.0 (Macintosh; Intel Mac OS X 10_14_2) AppleWebKit/537.36 (KHTML, like Gecko) Chrome/69.0.3497.100 Safari/537.36"
::1 - - [31/Jan/2019:14:32:12 +0000] "POST /api/v1 HTTP/1.1" 200 325 "http://localhost:8080/login" "Mozilla/5.0 (Macintosh; Intel Mac OS X 10_14_2) AppleWebKit/537.36 (KHTML, like Gecko) Chrome/69.0.3497.100 Safari/537.36"
::1 - - [31/Jan/2019:14:32:47 +0000] "OPTIONS /api/v1 HTTP/1.1" 204 0 "http://localhost:8080/login" "Mozilla/5.0 (Macintosh; Intel Mac OS X 10_14_2) AppleWebKit/537.36 (KHTML, like Gecko) Chrome/69.0.3497.100 Safari/537.36"
::1 - - [31/Jan/2019:14:32:47 +0000] "POST /api/v1 HTTP/1.1" 200 325 "http://localhost:8080/login" "Mozilla/5.0 (Macintosh; Intel Mac OS X 10_14_2) AppleWebKit/537.36 (KHTML, like Gecko) Chrome/69.0.3497.100 Safari/537.36"
::1 - - [31/Jan/2019:14:46:25 +0000] "OPTIONS /api/v1 HTTP/1.1" 204 0 "http://localhost:8080/login" "Mozilla/5.0 (Macintosh; Intel Mac OS X 10_14_2) AppleWebKit/537.36 (KHTML, like Gecko) Chrome/69.0.3497.100 Safari/537.36"
::1 - - [31/Jan/2019:14:46:26 +0000] "POST /api/v1 HTTP/1.1" 200 325 "http://localhost:8080/login" "Mozilla/5.0 (Macintosh; Intel Mac OS X 10_14_2) AppleWebKit/537.36 (KHTML, like Gecko) Chrome/69.0.3497.100 Safari/537.36"
::1 - - [31/Jan/2019:14:48:31 +0000] "OPTIONS /api/v1 HTTP/1.1" 204 0 "http://localhost:8080/login" "Mozilla/5.0 (Macintosh; Intel Mac OS X 10_14_2) AppleWebKit/537.36 (KHTML, like Gecko) Chrome/69.0.3497.100 Safari/537.36"
::1 - - [31/Jan/2019:14:48:32 +0000] "POST /api/v1 HTTP/1.1" 200 325 "http://localhost:8080/login" "Mozilla/5.0 (Macintosh; Intel Mac OS X 10_14_2) AppleWebKit/537.36 (KHTML, like Gecko) Chrome/69.0.3497.100 Safari/537.36"
::1 - - [31/Jan/2019:14:49:17 +0000] "OPTIONS /api/v1 HTTP/1.1" 204 0 "http://localhost:8080/login" "Mozilla/5.0 (Macintosh; Intel Mac OS X 10_14_2) AppleWebKit/537.36 (KHTML, like Gecko) Chrome/69.0.3497.100 Safari/537.36"
::1 - - [31/Jan/2019:14:49:17 +0000] "POST /api/v1 HTTP/1.1" 200 325 "http://localhost:8080/login" "Mozilla/5.0 (Macintosh; Intel Mac OS X 10_14_2) AppleWebKit/537.36 (KHTML, like Gecko) Chrome/69.0.3497.100 Safari/537.36"
::1 - - [31/Jan/2019:14:59:44 +0000] "OPTIONS /api/v1 HTTP/1.1" 204 0 "http://localhost:8080/login" "Mozilla/5.0 (Macintosh; Intel Mac OS X 10_14_2) AppleWebKit/537.36 (KHTML, like Gecko) Chrome/69.0.3497.100 Safari/537.36"
::1 - - [31/Jan/2019:14:59:44 +0000] "POST /api/v1 HTTP/1.1" 200 325 "http://localhost:8080/login" "Mozilla/5.0 (Macintosh; Intel Mac OS X 10_14_2) AppleWebKit/537.36 (KHTML, like Gecko) Chrome/69.0.3497.100 Safari/537.36"
::1 - - [31/Jan/2019:15:00:09 +0000] "OPTIONS /api/v1 HTTP/1.1" 204 0 "http://localhost:8080/login" "Mozilla/5.0 (Macintosh; Intel Mac OS X 10_14_2) AppleWebKit/537.36 (KHTML, like Gecko) Chrome/69.0.3497.100 Safari/537.36"
::1 - - [31/Jan/2019:15:00:10 +0000] "POST /api/v1 HTTP/1.1" 200 325 "http://localhost:8080/login" "Mozilla/5.0 (Macintosh; Intel Mac OS X 10_14_2) AppleWebKit/537.36 (KHTML, like Gecko) Chrome/69.0.3497.100 Safari/537.36"
::1 - - [31/Jan/2019:16:08:20 +0000] "OPTIONS /api/v1 HTTP/1.1" 204 0 "http://localhost:8080/login" "Mozilla/5.0 (Macintosh; Intel Mac OS X 10_14_2) AppleWebKit/537.36 (KHTML, like Gecko) Chrome/69.0.3497.100 Safari/537.36"
::1 - - [31/Jan/2019:16:08:21 +0000] "POST /api/v1 HTTP/1.1" 200 325 "http://localhost:8080/login" "Mozilla/5.0 (Macintosh; Intel Mac OS X 10_14_2) AppleWebKit/537.36 (KHTML, like Gecko) Chrome/69.0.3497.100 Safari/537.36"
::1 - - [31/Jan/2019:16:32:41 +0000] "OPTIONS /api/v1 HTTP/1.1" 204 0 "http://localhost:8080/trips" "Mozilla/5.0 (Macintosh; Intel Mac OS X 10_14_2) AppleWebKit/537.36 (KHTML, like Gecko) Chrome/69.0.3497.100 Safari/537.36"
::1 - - [31/Jan/2019:16:32:41 +0000] "POST /api/v1 HTTP/1.1" 200 133 "http://localhost:8080/trips" "Mozilla/5.0 (Macintosh; Intel Mac OS X 10_14_2) AppleWebKit/537.36 (KHTML, like Gecko) Chrome/69.0.3497.100 Safari/537.36"
::1 - - [31/Jan/2019:17:28:16 +0000] "OPTIONS /api/v1 HTTP/1.1" 204 0 "http://localhost:8080/login" "Mozilla/5.0 (Macintosh; Intel Mac OS X 10_14_2) AppleWebKit/537.36 (KHTML, like Gecko) Chrome/69.0.3497.100 Safari/537.36"
::1 - - [31/Jan/2019:17:28:16 +0000] "POST /api/v1 HTTP/1.1" 200 325 "http://localhost:8080/login" "Mozilla/5.0 (Macintosh; Intel Mac OS X 10_14_2) AppleWebKit/537.36 (KHTML, like Gecko) Chrome/69.0.3497.100 Safari/537.36"
::1 - - [31/Jan/2019:17:29:46 +0000] "OPTIONS /api/v1 HTTP/1.1" 204 0 "http://localhost:8080/trips" "Mozilla/5.0 (Macintosh; Intel Mac OS X 10_14_2) AppleWebKit/537.36 (KHTML, like Gecko) Chrome/69.0.3497.100 Safari/537.36"
::1 - - [31/Jan/2019:17:29:47 +0000] "POST /api/v1 HTTP/1.1" 200 133 "http://localhost:8080/trips" "Mozilla/5.0 (Macintosh; Intel Mac OS X 10_14_2) AppleWebKit/537.36 (KHTML, like Gecko) Chrome/69.0.3497.100 Safari/537.36"
::1 - - [31/Jan/2019:17:30:42 +0000] "OPTIONS /api/v1 HTTP/1.1" 204 0 "http://localhost:8080/trips" "Mozilla/5.0 (Macintosh; Intel Mac OS X 10_14_2) AppleWebKit/537.36 (KHTML, like Gecko) Chrome/69.0.3497.100 Safari/537.36"
::1 - - [31/Jan/2019:17:30:42 +0000] "POST /api/v1 HTTP/1.1" 200 133 "http://localhost:8080/trips" "Mozilla/5.0 (Macintosh; Intel Mac OS X 10_14_2) AppleWebKit/537.36 (KHTML, like Gecko) Chrome/69.0.3497.100 Safari/537.36"
::1 - - [31/Jan/2019:18:21:13 +0000] "OPTIONS /api/v1 HTTP/1.1" 204 0 "http://localhost:8080/login" "Mozilla/5.0 (Macintosh; Intel Mac OS X 10_14_2) AppleWebKit/537.36 (KHTML, like Gecko) Chrome/69.0.3497.100 Safari/537.36"
::1 - - [31/Jan/2019:18:21:14 +0000] "POST /api/v1 HTTP/1.1" 200 149 "http://localhost:8080/login" "Mozilla/5.0 (Macintosh; Intel Mac OS X 10_14_2) AppleWebKit/537.36 (KHTML, like Gecko) Chrome/69.0.3497.100 Safari/537.36"
::1 - - [31/Jan/2019:18:25:48 +0000] "OPTIONS /api/v1 HTTP/1.1" 204 0 "http://localhost:8080/login" "Mozilla/5.0 (Macintosh; Intel Mac OS X 10_14_2) AppleWebKit/537.36 (KHTML, like Gecko) Chrome/69.0.3497.100 Safari/537.36"
::1 - - [31/Jan/2019:18:25:48 +0000] "POST /api/v1 HTTP/1.1" 200 149 "http://localhost:8080/login" "Mozilla/5.0 (Macintosh; Intel Mac OS X 10_14_2) AppleWebKit/537.36 (KHTML, like Gecko) Chrome/69.0.3497.100 Safari/537.36"
::1 - - [31/Jan/2019:18:27:25 +0000] "OPTIONS /api/v1 HTTP/1.1" 204 0 "http://localhost:8080/login" "Mozilla/5.0 (Macintosh; Intel Mac OS X 10_14_2) AppleWebKit/537.36 (KHTML, like Gecko) Chrome/69.0.3497.100 Safari/537.36"
::1 - - [31/Jan/2019:18:27:26 +0000] "POST /api/v1 HTTP/1.1" 200 149 "http://localhost:8080/login" "Mozilla/5.0 (Macintosh; Intel Mac OS X 10_14_2) AppleWebKit/537.36 (KHTML, like Gecko) Chrome/69.0.3497.100 Safari/537.36"
::1 - - [31/Jan/2019:18:28:00 +0000] "OPTIONS /api/v1 HTTP/1.1" 204 0 "http://localhost:8080/login" "Mozilla/5.0 (Macintosh; Intel Mac OS X 10_14_2) AppleWebKit/537.36 (KHTML, like Gecko) Chrome/69.0.3497.100 Safari/537.36"
::1 - - [31/Jan/2019:18:28:00 +0000] "POST /api/v1 HTTP/1.1" 200 149 "http://localhost:8080/login" "Mozilla/5.0 (Macintosh; Intel Mac OS X 10_14_2) AppleWebKit/537.36 (KHTML, like Gecko) Chrome/69.0.3497.100 Safari/537.36"
::1 - - [31/Jan/2019:18:29:54 +0000] "OPTIONS /api/v1 HTTP/1.1" 204 0 "http://localhost:8080/login" "Mozilla/5.0 (Macintosh; Intel Mac OS X 10_14_2) AppleWebKit/537.36 (KHTML, like Gecko) Chrome/69.0.3497.100 Safari/537.36"
::1 - - [31/Jan/2019:18:29:54 +0000] "POST /api/v1 HTTP/1.1" 200 149 "http://localhost:8080/login" "Mozilla/5.0 (Macintosh; Intel Mac OS X 10_14_2) AppleWebKit/537.36 (KHTML, like Gecko) Chrome/69.0.3497.100 Safari/537.36"
::1 - - [31/Jan/2019:18:30:53 +0000] "OPTIONS /api/v1 HTTP/1.1" 204 0 "http://localhost:8080/login" "Mozilla/5.0 (Macintosh; Intel Mac OS X 10_14_2) AppleWebKit/537.36 (KHTML, like Gecko) Chrome/69.0.3497.100 Safari/537.36"
::1 - - [31/Jan/2019:18:30:53 +0000] "POST /api/v1 HTTP/1.1" 200 149 "http://localhost:8080/login" "Mozilla/5.0 (Macintosh; Intel Mac OS X 10_14_2) AppleWebKit/537.36 (KHTML, like Gecko) Chrome/69.0.3497.100 Safari/537.36"
::1 - - [31/Jan/2019:18:31:43 +0000] "OPTIONS /api/v1 HTTP/1.1" 204 0 "http://localhost:8080/login" "Mozilla/5.0 (Macintosh; Intel Mac OS X 10_14_2) AppleWebKit/537.36 (KHTML, like Gecko) Chrome/69.0.3497.100 Safari/537.36"
::1 - - [31/Jan/2019:18:31:43 +0000] "POST /api/v1 HTTP/1.1" 200 149 "http://localhost:8080/login" "Mozilla/5.0 (Macintosh; Intel Mac OS X 10_14_2) AppleWebKit/537.36 (KHTML, like Gecko) Chrome/69.0.3497.100 Safari/537.36"
::1 - - [31/Jan/2019:18:32:45 +0000] "OPTIONS /api/v1 HTTP/1.1" 204 0 "http://localhost:8080/login" "Mozilla/5.0 (Macintosh; Intel Mac OS X 10_14_2) AppleWebKit/537.36 (KHTML, like Gecko) Chrome/69.0.3497.100 Safari/537.36"
::1 - - [31/Jan/2019:18:32:46 +0000] "POST /api/v1 HTTP/1.1" 200 149 "http://localhost:8080/login" "Mozilla/5.0 (Macintosh; Intel Mac OS X 10_14_2) AppleWebKit/537.36 (KHTML, like Gecko) Chrome/69.0.3497.100 Safari/537.36"
::1 - - [31/Jan/2019:18:32:47 +0000] "POST /api/v1 HTTP/1.1" 200 149 "http://localhost:8080/login" "Mozilla/5.0 (Macintosh; Intel Mac OS X 10_14_2) AppleWebKit/537.36 (KHTML, like Gecko) Chrome/69.0.3497.100 Safari/537.36"
::1 - - [31/Jan/2019:18:32:48 +0000] "POST /api/v1 HTTP/1.1" 200 149 "http://localhost:8080/login" "Mozilla/5.0 (Macintosh; Intel Mac OS X 10_14_2) AppleWebKit/537.36 (KHTML, like Gecko) Chrome/69.0.3497.100 Safari/537.36"
::1 - - [31/Jan/2019:18:33:22 +0000] "OPTIONS /api/v1 HTTP/1.1" 204 0 "http://localhost:8080/login" "Mozilla/5.0 (Macintosh; Intel Mac OS X 10_14_2) AppleWebKit/537.36 (KHTML, like Gecko) Chrome/69.0.3497.100 Safari/537.36"
::1 - - [31/Jan/2019:18:33:22 +0000] "POST /api/v1 HTTP/1.1" 200 149 "http://localhost:8080/login" "Mozilla/5.0 (Macintosh; Intel Mac OS X 10_14_2) AppleWebKit/537.36 (KHTML, like Gecko) Chrome/69.0.3497.100 Safari/537.36"
::1 - - [31/Jan/2019:18:34:06 +0000] "OPTIONS /api/v1 HTTP/1.1" 204 0 "http://localhost:8080/login" "Mozilla/5.0 (Macintosh; Intel Mac OS X 10_14_2) AppleWebKit/537.36 (KHTML, like Gecko) Chrome/69.0.3497.100 Safari/537.36"
::1 - - [31/Jan/2019:18:34:06 +0000] "POST /api/v1 HTTP/1.1" 200 149 "http://localhost:8080/login" "Mozilla/5.0 (Macintosh; Intel Mac OS X 10_14_2) AppleWebKit/537.36 (KHTML, like Gecko) Chrome/69.0.3497.100 Safari/537.36"
::1 - - [31/Jan/2019:18:34:43 +0000] "OPTIONS /api/v1 HTTP/1.1" 204 0 "http://localhost:8080/login" "Mozilla/5.0 (Macintosh; Intel Mac OS X 10_14_2) AppleWebKit/537.36 (KHTML, like Gecko) Chrome/69.0.3497.100 Safari/537.36"
::1 - - [31/Jan/2019:18:34:43 +0000] "POST /api/v1 HTTP/1.1" 200 149 "http://localhost:8080/login" "Mozilla/5.0 (Macintosh; Intel Mac OS X 10_14_2) AppleWebKit/537.36 (KHTML, like Gecko) Chrome/69.0.3497.100 Safari/537.36"
::1 - - [31/Jan/2019:18:34:44 +0000] "POST /api/v1 HTTP/1.1" 200 149 "http://localhost:8080/login" "Mozilla/5.0 (Macintosh; Intel Mac OS X 10_14_2) AppleWebKit/537.36 (KHTML, like Gecko) Chrome/69.0.3497.100 Safari/537.36"
::1 - - [31/Jan/2019:18:34:58 +0000] "OPTIONS /api/v1 HTTP/1.1" 204 0 "http://localhost:8080/login" "Mozilla/5.0 (Macintosh; Intel Mac OS X 10_14_2) AppleWebKit/537.36 (KHTML, like Gecko) Chrome/69.0.3497.100 Safari/537.36"
::1 - - [31/Jan/2019:18:34:58 +0000] "POST /api/v1 HTTP/1.1" 200 149 "http://localhost:8080/login" "Mozilla/5.0 (Macintosh; Intel Mac OS X 10_14_2) AppleWebKit/537.36 (KHTML, like Gecko) Chrome/69.0.3497.100 Safari/537.36"
::1 - - [31/Jan/2019:18:36:40 +0000] "OPTIONS /api/v1 HTTP/1.1" 204 0 "http://localhost:8080/login" "Mozilla/5.0 (Macintosh; Intel Mac OS X 10_14_2) AppleWebKit/537.36 (KHTML, like Gecko) Chrome/69.0.3497.100 Safari/537.36"
::1 - - [31/Jan/2019:18:36:40 +0000] "POST /api/v1 HTTP/1.1" 200 149 "http://localhost:8080/login" "Mozilla/5.0 (Macintosh; Intel Mac OS X 10_14_2) AppleWebKit/537.36 (KHTML, like Gecko) Chrome/69.0.3497.100 Safari/537.36"
::1 - - [31/Jan/2019:18:38:06 +0000] "OPTIONS /api/v1 HTTP/1.1" 204 0 "http://localhost:8080/login" "Mozilla/5.0 (Macintosh; Intel Mac OS X 10_14_2) AppleWebKit/537.36 (KHTML, like Gecko) Chrome/69.0.3497.100 Safari/537.36"
::1 - - [31/Jan/2019:18:38:06 +0000] "POST /api/v1 HTTP/1.1" 200 149 "http://localhost:8080/login" "Mozilla/5.0 (Macintosh; Intel Mac OS X 10_14_2) AppleWebKit/537.36 (KHTML, like Gecko) Chrome/69.0.3497.100 Safari/537.36"
::1 - - [31/Jan/2019:18:38:26 +0000] "OPTIONS /api/v1 HTTP/1.1" 204 0 "http://localhost:8080/login" "Mozilla/5.0 (Macintosh; Intel Mac OS X 10_14_2) AppleWebKit/537.36 (KHTML, like Gecko) Chrome/69.0.3497.100 Safari/537.36"
::1 - - [31/Jan/2019:18:38:26 +0000] "POST /api/v1 HTTP/1.1" 200 149 "http://localhost:8080/login" "Mozilla/5.0 (Macintosh; Intel Mac OS X 10_14_2) AppleWebKit/537.36 (KHTML, like Gecko) Chrome/69.0.3497.100 Safari/537.36"
::1 - - [31/Jan/2019:18:40:01 +0000] "OPTIONS /api/v1 HTTP/1.1" 204 0 "http://localhost:8080/login" "Mozilla/5.0 (Macintosh; Intel Mac OS X 10_14_2) AppleWebKit/537.36 (KHTML, like Gecko) Chrome/69.0.3497.100 Safari/537.36"
::1 - - [31/Jan/2019:18:40:01 +0000] "POST /api/v1 HTTP/1.1" 200 149 "http://localhost:8080/login" "Mozilla/5.0 (Macintosh; Intel Mac OS X 10_14_2) AppleWebKit/537.36 (KHTML, like Gecko) Chrome/69.0.3497.100 Safari/537.36"
::1 - - [31/Jan/2019:18:40:49 +0000] "OPTIONS /api/v1 HTTP/1.1" 204 0 "http://localhost:8080/login" "Mozilla/5.0 (Macintosh; Intel Mac OS X 10_14_2) AppleWebKit/537.36 (KHTML, like Gecko) Chrome/69.0.3497.100 Safari/537.36"
::1 - - [31/Jan/2019:18:40:49 +0000] "POST /api/v1 HTTP/1.1" 200 149 "http://localhost:8080/login" "Mozilla/5.0 (Macintosh; Intel Mac OS X 10_14_2) AppleWebKit/537.36 (KHTML, like Gecko) Chrome/69.0.3497.100 Safari/537.36"
::1 - - [31/Jan/2019:18:41:12 +0000] "OPTIONS /api/v1 HTTP/1.1" 204 0 "http://localhost:8080/login" "Mozilla/5.0 (Macintosh; Intel Mac OS X 10_14_2) AppleWebKit/537.36 (KHTML, like Gecko) Chrome/69.0.3497.100 Safari/537.36"
::1 - - [31/Jan/2019:18:41:12 +0000] "POST /api/v1 HTTP/1.1" 200 149 "http://localhost:8080/login" "Mozilla/5.0 (Macintosh; Intel Mac OS X 10_14_2) AppleWebKit/537.36 (KHTML, like Gecko) Chrome/69.0.3497.100 Safari/537.36"
::1 - - [31/Jan/2019:18:41:13 +0000] "POST /api/v1 HTTP/1.1" 200 149 "http://localhost:8080/login" "Mozilla/5.0 (Macintosh; Intel Mac OS X 10_14_2) AppleWebKit/537.36 (KHTML, like Gecko) Chrome/69.0.3497.100 Safari/537.36"
::1 - - [31/Jan/2019:18:41:59 +0000] "OPTIONS /api/v1 HTTP/1.1" 204 0 "http://localhost:8080/login" "Mozilla/5.0 (Macintosh; Intel Mac OS X 10_14_2) AppleWebKit/537.36 (KHTML, like Gecko) Chrome/69.0.3497.100 Safari/537.36"
::1 - - [31/Jan/2019:18:41:59 +0000] "POST /api/v1 HTTP/1.1" 200 149 "http://localhost:8080/login" "Mozilla/5.0 (Macintosh; Intel Mac OS X 10_14_2) AppleWebKit/537.36 (KHTML, like Gecko) Chrome/69.0.3497.100 Safari/537.36"
::1 - - [31/Jan/2019:18:42:36 +0000] "OPTIONS /api/v1 HTTP/1.1" 204 0 "http://localhost:8080/login" "Mozilla/5.0 (Macintosh; Intel Mac OS X 10_14_2) AppleWebKit/537.36 (KHTML, like Gecko) Chrome/69.0.3497.100 Safari/537.36"
::1 - - [31/Jan/2019:18:42:36 +0000] "POST /api/v1 HTTP/1.1" 200 149 "http://localhost:8080/login" "Mozilla/5.0 (Macintosh; Intel Mac OS X 10_14_2) AppleWebKit/537.36 (KHTML, like Gecko) Chrome/69.0.3497.100 Safari/537.36"
::1 - - [31/Jan/2019:18:42:47 +0000] "OPTIONS /api/v1 HTTP/1.1" 204 0 "http://localhost:8080/login" "Mozilla/5.0 (Macintosh; Intel Mac OS X 10_14_2) AppleWebKit/537.36 (KHTML, like Gecko) Chrome/69.0.3497.100 Safari/537.36"
::1 - - [31/Jan/2019:18:42:47 +0000] "POST /api/v1 HTTP/1.1" 200 149 "http://localhost:8080/login" "Mozilla/5.0 (Macintosh; Intel Mac OS X 10_14_2) AppleWebKit/537.36 (KHTML, like Gecko) Chrome/69.0.3497.100 Safari/537.36"
::1 - - [31/Jan/2019:18:44:06 +0000] "OPTIONS /api/v1 HTTP/1.1" 204 0 "http://localhost:8080/login" "Mozilla/5.0 (Macintosh; Intel Mac OS X 10_14_2) AppleWebKit/537.36 (KHTML, like Gecko) Chrome/69.0.3497.100 Safari/537.36"
::1 - - [31/Jan/2019:18:44:06 +0000] "POST /api/v1 HTTP/1.1" 200 149 "http://localhost:8080/login" "Mozilla/5.0 (Macintosh; Intel Mac OS X 10_14_2) AppleWebKit/537.36 (KHTML, like Gecko) Chrome/69.0.3497.100 Safari/537.36"
::1 - - [31/Jan/2019:18:44:39 +0000] "OPTIONS /api/v1 HTTP/1.1" 204 0 "http://localhost:8080/login" "Mozilla/5.0 (Macintosh; Intel Mac OS X 10_14_2) AppleWebKit/537.36 (KHTML, like Gecko) Chrome/69.0.3497.100 Safari/537.36"
::1 - - [31/Jan/2019:18:44:39 +0000] "POST /api/v1 HTTP/1.1" 200 325 "http://localhost:8080/login" "Mozilla/5.0 (Macintosh; Intel Mac OS X 10_14_2) AppleWebKit/537.36 (KHTML, like Gecko) Chrome/69.0.3497.100 Safari/537.36"
::1 - - [31/Jan/2019:18:46:43 +0000] "OPTIONS /api/v1 HTTP/1.1" 204 0 "http://localhost:8080/login" "Mozilla/5.0 (Macintosh; Intel Mac OS X 10_14_2) AppleWebKit/537.36 (KHTML, like Gecko) Chrome/69.0.3497.100 Safari/537.36"
::1 - - [31/Jan/2019:18:46:43 +0000] "POST /api/v1 HTTP/1.1" 200 325 "http://localhost:8080/login" "Mozilla/5.0 (Macintosh; Intel Mac OS X 10_14_2) AppleWebKit/537.36 (KHTML, like Gecko) Chrome/69.0.3497.100 Safari/537.36"
::1 - - [31/Jan/2019:18:52:01 +0000] "OPTIONS /api/v1 HTTP/1.1" 204 0 "http://localhost:8080/login" "Mozilla/5.0 (Macintosh; Intel Mac OS X 10_14_2) AppleWebKit/537.36 (KHTML, like Gecko) Chrome/69.0.3497.100 Safari/537.36"
::1 - - [31/Jan/2019:18:52:01 +0000] "POST /api/v1 HTTP/1.1" 200 325 "http://localhost:8080/login" "Mozilla/5.0 (Macintosh; Intel Mac OS X 10_14_2) AppleWebKit/537.36 (KHTML, like Gecko) Chrome/69.0.3497.100 Safari/537.36"
::1 - - [31/Jan/2019:18:53:19 +0000] "OPTIONS /api/v1 HTTP/1.1" 204 0 "http://localhost:8080/login" "Mozilla/5.0 (Macintosh; Intel Mac OS X 10_14_2) AppleWebKit/537.36 (KHTML, like Gecko) Chrome/69.0.3497.100 Safari/537.36"
::1 - - [31/Jan/2019:18:53:19 +0000] "POST /api/v1 HTTP/1.1" 200 325 "http://localhost:8080/login" "Mozilla/5.0 (Macintosh; Intel Mac OS X 10_14_2) AppleWebKit/537.36 (KHTML, like Gecko) Chrome/69.0.3497.100 Safari/537.36"
::1 - - [31/Jan/2019:18:53:58 +0000] "OPTIONS /api/v1 HTTP/1.1" 204 0 "http://localhost:8080/login" "Mozilla/5.0 (Macintosh; Intel Mac OS X 10_14_2) AppleWebKit/537.36 (KHTML, like Gecko) Chrome/69.0.3497.100 Safari/537.36"
::1 - - [31/Jan/2019:18:53:59 +0000] "POST /api/v1 HTTP/1.1" 200 149 "http://localhost:8080/login" "Mozilla/5.0 (Macintosh; Intel Mac OS X 10_14_2) AppleWebKit/537.36 (KHTML, like Gecko) Chrome/69.0.3497.100 Safari/537.36"
::1 - - [31/Jan/2019:18:56:49 +0000] "OPTIONS /api/v1 HTTP/1.1" 204 0 "http://localhost:8080/login" "Mozilla/5.0 (Macintosh; Intel Mac OS X 10_14_2) AppleWebKit/537.36 (KHTML, like Gecko) Chrome/69.0.3497.100 Safari/537.36"
::1 - - [31/Jan/2019:18:56:50 +0000] "POST /api/v1 HTTP/1.1" 200 325 "http://localhost:8080/login" "Mozilla/5.0 (Macintosh; Intel Mac OS X 10_14_2) AppleWebKit/537.36 (KHTML, like Gecko) Chrome/69.0.3497.100 Safari/537.36"
::1 - - [31/Jan/2019:18:58:33 +0000] "OPTIONS /api/v1 HTTP/1.1" 204 0 "http://localhost:8080/login" "Mozilla/5.0 (Macintosh; Intel Mac OS X 10_14_2) AppleWebKit/537.36 (KHTML, like Gecko) Chrome/69.0.3497.100 Safari/537.36"
::1 - - [31/Jan/2019:18:58:34 +0000] "POST /api/v1 HTTP/1.1" 200 325 "http://localhost:8080/login" "Mozilla/5.0 (Macintosh; Intel Mac OS X 10_14_2) AppleWebKit/537.36 (KHTML, like Gecko) Chrome/69.0.3497.100 Safari/537.36"
::1 - - [31/Jan/2019:18:59:40 +0000] "OPTIONS /api/v1 HTTP/1.1" 204 0 "http://localhost:8080/login" "Mozilla/5.0 (Macintosh; Intel Mac OS X 10_14_2) AppleWebKit/537.36 (KHTML, like Gecko) Chrome/69.0.3497.100 Safari/537.36"
::1 - - [31/Jan/2019:18:59:40 +0000] "POST /api/v1 HTTP/1.1" 200 325 "http://localhost:8080/login" "Mozilla/5.0 (Macintosh; Intel Mac OS X 10_14_2) AppleWebKit/537.36 (KHTML, like Gecko) Chrome/69.0.3497.100 Safari/537.36"
::1 - - [31/Jan/2019:19:00:42 +0000] "OPTIONS /api/v1 HTTP/1.1" 204 0 "http://localhost:8080/login" "Mozilla/5.0 (Macintosh; Intel Mac OS X 10_14_2) AppleWebKit/537.36 (KHTML, like Gecko) Chrome/69.0.3497.100 Safari/537.36"
::1 - - [31/Jan/2019:19:00:43 +0000] "POST /api/v1 HTTP/1.1" 200 325 "http://localhost:8080/login" "Mozilla/5.0 (Macintosh; Intel Mac OS X 10_14_2) AppleWebKit/537.36 (KHTML, like Gecko) Chrome/69.0.3497.100 Safari/537.36"
::1 - - [31/Jan/2019:19:02:10 +0000] "OPTIONS /api/v1 HTTP/1.1" 204 0 "http://localhost:8080/login" "Mozilla/5.0 (Macintosh; Intel Mac OS X 10_14_2) AppleWebKit/537.36 (KHTML, like Gecko) Chrome/69.0.3497.100 Safari/537.36"
::1 - - [31/Jan/2019:19:02:11 +0000] "POST /api/v1 HTTP/1.1" 200 325 "http://localhost:8080/login" "Mozilla/5.0 (Macintosh; Intel Mac OS X 10_14_2) AppleWebKit/537.36 (KHTML, like Gecko) Chrome/69.0.3497.100 Safari/537.36"
::1 - - [31/Jan/2019:19:02:30 +0000] "OPTIONS /api/v1 HTTP/1.1" 204 0 "http://localhost:8080/login" "Mozilla/5.0 (Macintosh; Intel Mac OS X 10_14_2) AppleWebKit/537.36 (KHTML, like Gecko) Chrome/69.0.3497.100 Safari/537.36"
::1 - - [31/Jan/2019:19:02:30 +0000] "POST /api/v1 HTTP/1.1" 200 325 "http://localhost:8080/login" "Mozilla/5.0 (Macintosh; Intel Mac OS X 10_14_2) AppleWebKit/537.36 (KHTML, like Gecko) Chrome/69.0.3497.100 Safari/537.36"
::1 - - [31/Jan/2019:19:03:36 +0000] "OPTIONS /api/v1 HTTP/1.1" 204 0 "http://localhost:8080/login" "Mozilla/5.0 (Macintosh; Intel Mac OS X 10_14_2) AppleWebKit/537.36 (KHTML, like Gecko) Chrome/69.0.3497.100 Safari/537.36"
::1 - - [31/Jan/2019:19:03:36 +0000] "POST /api/v1 HTTP/1.1" 200 325 "http://localhost:8080/login" "Mozilla/5.0 (Macintosh; Intel Mac OS X 10_14_2) AppleWebKit/537.36 (KHTML, like Gecko) Chrome/69.0.3497.100 Safari/537.36"
::1 - - [31/Jan/2019:19:04:40 +0000] "OPTIONS /api/v1 HTTP/1.1" 204 0 "http://localhost:8080/login" "Mozilla/5.0 (Macintosh; Intel Mac OS X 10_14_2) AppleWebKit/537.36 (KHTML, like Gecko) Chrome/69.0.3497.100 Safari/537.36"
::1 - - [31/Jan/2019:19:04:41 +0000] "POST /api/v1 HTTP/1.1" 200 325 "http://localhost:8080/login" "Mozilla/5.0 (Macintosh; Intel Mac OS X 10_14_2) AppleWebKit/537.36 (KHTML, like Gecko) Chrome/69.0.3497.100 Safari/537.36"
::1 - - [31/Jan/2019:19:05:04 +0000] "OPTIONS /api/v1 HTTP/1.1" 204 0 "http://localhost:8080/login" "Mozilla/5.0 (Macintosh; Intel Mac OS X 10_14_2) AppleWebKit/537.36 (KHTML, like Gecko) Chrome/69.0.3497.100 Safari/537.36"
::1 - - [31/Jan/2019:19:05:04 +0000] "POST /api/v1 HTTP/1.1" 200 325 "http://localhost:8080/login" "Mozilla/5.0 (Macintosh; Intel Mac OS X 10_14_2) AppleWebKit/537.36 (KHTML, like Gecko) Chrome/69.0.3497.100 Safari/537.36"
::1 - - [31/Jan/2019:19:05:18 +0000] "OPTIONS /api/v1 HTTP/1.1" 204 0 "http://localhost:8080/login" "Mozilla/5.0 (Macintosh; Intel Mac OS X 10_14_2) AppleWebKit/537.36 (KHTML, like Gecko) Chrome/69.0.3497.100 Safari/537.36"
::1 - - [31/Jan/2019:19:05:18 +0000] "POST /api/v1 HTTP/1.1" 200 325 "http://localhost:8080/login" "Mozilla/5.0 (Macintosh; Intel Mac OS X 10_14_2) AppleWebKit/537.36 (KHTML, like Gecko) Chrome/69.0.3497.100 Safari/537.36"
::1 - - [31/Jan/2019:19:06:31 +0000] "OPTIONS /api/v1 HTTP/1.1" 204 0 "http://localhost:8080/login" "Mozilla/5.0 (Macintosh; Intel Mac OS X 10_14_2) AppleWebKit/537.36 (KHTML, like Gecko) Chrome/69.0.3497.100 Safari/537.36"
::1 - - [31/Jan/2019:19:06:32 +0000] "POST /api/v1 HTTP/1.1" 200 325 "http://localhost:8080/login" "Mozilla/5.0 (Macintosh; Intel Mac OS X 10_14_2) AppleWebKit/537.36 (KHTML, like Gecko) Chrome/69.0.3497.100 Safari/537.36"
::1 - - [31/Jan/2019:19:07:36 +0000] "OPTIONS /api/v1 HTTP/1.1" 204 0 "http://localhost:8080/login" "Mozilla/5.0 (Macintosh; Intel Mac OS X 10_14_2) AppleWebKit/537.36 (KHTML, like Gecko) Chrome/69.0.3497.100 Safari/537.36"
::1 - - [31/Jan/2019:19:07:36 +0000] "POST /api/v1 HTTP/1.1" 200 325 "http://localhost:8080/login" "Mozilla/5.0 (Macintosh; Intel Mac OS X 10_14_2) AppleWebKit/537.36 (KHTML, like Gecko) Chrome/69.0.3497.100 Safari/537.36"
::1 - - [31/Jan/2019:19:08:26 +0000] "OPTIONS /api/v1 HTTP/1.1" 204 0 "http://localhost:8080/login" "Mozilla/5.0 (Macintosh; Intel Mac OS X 10_14_2) AppleWebKit/537.36 (KHTML, like Gecko) Chrome/69.0.3497.100 Safari/537.36"
::1 - - [31/Jan/2019:19:08:27 +0000] "POST /api/v1 HTTP/1.1" 200 325 "http://localhost:8080/login" "Mozilla/5.0 (Macintosh; Intel Mac OS X 10_14_2) AppleWebKit/537.36 (KHTML, like Gecko) Chrome/69.0.3497.100 Safari/537.36"
::1 - - [31/Jan/2019:19:09:02 +0000] "OPTIONS /api/v1 HTTP/1.1" 204 0 "http://localhost:8080/login" "Mozilla/5.0 (Macintosh; Intel Mac OS X 10_14_2) AppleWebKit/537.36 (KHTML, like Gecko) Chrome/69.0.3497.100 Safari/537.36"
::1 - - [31/Jan/2019:19:09:03 +0000] "POST /api/v1 HTTP/1.1" 200 325 "http://localhost:8080/login" "Mozilla/5.0 (Macintosh; Intel Mac OS X 10_14_2) AppleWebKit/537.36 (KHTML, like Gecko) Chrome/69.0.3497.100 Safari/537.36"
::1 - - [31/Jan/2019:19:10:18 +0000] "OPTIONS /api/v1 HTTP/1.1" 204 0 "http://localhost:8080/login" "Mozilla/5.0 (Macintosh; Intel Mac OS X 10_14_2) AppleWebKit/537.36 (KHTML, like Gecko) Chrome/69.0.3497.100 Safari/537.36"
::1 - - [31/Jan/2019:19:10:19 +0000] "POST /api/v1 HTTP/1.1" 200 325 "http://localhost:8080/login" "Mozilla/5.0 (Macintosh; Intel Mac OS X 10_14_2) AppleWebKit/537.36 (KHTML, like Gecko) Chrome/69.0.3497.100 Safari/537.36"
::1 - - [31/Jan/2019:19:12:40 +0000] "OPTIONS /api/v1 HTTP/1.1" 204 0 "http://localhost:8080/login" "Mozilla/5.0 (Macintosh; Intel Mac OS X 10_14_2) AppleWebKit/537.36 (KHTML, like Gecko) Chrome/69.0.3497.100 Safari/537.36"
::1 - - [31/Jan/2019:19:12:40 +0000] "POST /api/v1 HTTP/1.1" 200 325 "http://localhost:8080/login" "Mozilla/5.0 (Macintosh; Intel Mac OS X 10_14_2) AppleWebKit/537.36 (KHTML, like Gecko) Chrome/69.0.3497.100 Safari/537.36"
::1 - - [31/Jan/2019:19:18:12 +0000] "OPTIONS /api/v1 HTTP/1.1" 204 0 "http://localhost:8080/login" "Mozilla/5.0 (Macintosh; Intel Mac OS X 10_14_2) AppleWebKit/537.36 (KHTML, like Gecko) Chrome/69.0.3497.100 Safari/537.36"
::1 - - [31/Jan/2019:19:18:13 +0000] "POST /api/v1 HTTP/1.1" 200 325 "http://localhost:8080/login" "Mozilla/5.0 (Macintosh; Intel Mac OS X 10_14_2) AppleWebKit/537.36 (KHTML, like Gecko) Chrome/69.0.3497.100 Safari/537.36"
::1 - - [31/Jan/2019:19:18:33 +0000] "OPTIONS /api/v1 HTTP/1.1" 204 0 "http://localhost:8080/login" "Mozilla/5.0 (Macintosh; Intel Mac OS X 10_14_2) AppleWebKit/537.36 (KHTML, like Gecko) Chrome/69.0.3497.100 Safari/537.36"
::1 - - [31/Jan/2019:19:18:34 +0000] "POST /api/v1 HTTP/1.1" 200 325 "http://localhost:8080/login" "Mozilla/5.0 (Macintosh; Intel Mac OS X 10_14_2) AppleWebKit/537.36 (KHTML, like Gecko) Chrome/69.0.3497.100 Safari/537.36"
::1 - - [31/Jan/2019:19:19:01 +0000] "OPTIONS /api/v1 HTTP/1.1" 204 0 "http://localhost:8080/login" "Mozilla/5.0 (Macintosh; Intel Mac OS X 10_14_2) AppleWebKit/537.36 (KHTML, like Gecko) Chrome/69.0.3497.100 Safari/537.36"
::1 - - [31/Jan/2019:19:19:01 +0000] "POST /api/v1 HTTP/1.1" 200 325 "http://localhost:8080/login" "Mozilla/5.0 (Macintosh; Intel Mac OS X 10_14_2) AppleWebKit/537.36 (KHTML, like Gecko) Chrome/69.0.3497.100 Safari/537.36"
::1 - - [31/Jan/2019:19:20:28 +0000] "OPTIONS /api/v1 HTTP/1.1" 204 0 "http://localhost:8080/login" "Mozilla/5.0 (Macintosh; Intel Mac OS X 10_14_2) AppleWebKit/537.36 (KHTML, like Gecko) Chrome/69.0.3497.100 Safari/537.36"
::1 - - [31/Jan/2019:19:20:29 +0000] "POST /api/v1 HTTP/1.1" 200 325 "http://localhost:8080/login" "Mozilla/5.0 (Macintosh; Intel Mac OS X 10_14_2) AppleWebKit/537.36 (KHTML, like Gecko) Chrome/69.0.3497.100 Safari/537.36"
::1 - - [31/Jan/2019:19:22:41 +0000] "OPTIONS /api/v1 HTTP/1.1" 204 0 "http://localhost:8080/login" "Mozilla/5.0 (Macintosh; Intel Mac OS X 10_14_2) AppleWebKit/537.36 (KHTML, like Gecko) Chrome/69.0.3497.100 Safari/537.36"
::1 - - [31/Jan/2019:19:22:42 +0000] "POST /api/v1 HTTP/1.1" 200 325 "http://localhost:8080/login" "Mozilla/5.0 (Macintosh; Intel Mac OS X 10_14_2) AppleWebKit/537.36 (KHTML, like Gecko) Chrome/69.0.3497.100 Safari/537.36"
::1 - - [31/Jan/2019:19:23:02 +0000] "OPTIONS /api/v1 HTTP/1.1" 204 0 "http://localhost:8080/login" "Mozilla/5.0 (Macintosh; Intel Mac OS X 10_14_2) AppleWebKit/537.36 (KHTML, like Gecko) Chrome/69.0.3497.100 Safari/537.36"
::1 - - [31/Jan/2019:19:23:02 +0000] "POST /api/v1 HTTP/1.1" 200 325 "http://localhost:8080/login" "Mozilla/5.0 (Macintosh; Intel Mac OS X 10_14_2) AppleWebKit/537.36 (KHTML, like Gecko) Chrome/69.0.3497.100 Safari/537.36"
::1 - - [31/Jan/2019:19:23:42 +0000] "OPTIONS /api/v1 HTTP/1.1" 204 0 "http://localhost:8080/login" "Mozilla/5.0 (Macintosh; Intel Mac OS X 10_14_2) AppleWebKit/537.36 (KHTML, like Gecko) Chrome/69.0.3497.100 Safari/537.36"
::1 - - [31/Jan/2019:19:23:42 +0000] "POST /api/v1 HTTP/1.1" 200 325 "http://localhost:8080/login" "Mozilla/5.0 (Macintosh; Intel Mac OS X 10_14_2) AppleWebKit/537.36 (KHTML, like Gecko) Chrome/69.0.3497.100 Safari/537.36"
::1 - - [31/Jan/2019:19:24:03 +0000] "OPTIONS /api/v1 HTTP/1.1" 204 0 "http://localhost:8080/login" "Mozilla/5.0 (Macintosh; Intel Mac OS X 10_14_2) AppleWebKit/537.36 (KHTML, like Gecko) Chrome/69.0.3497.100 Safari/537.36"
::1 - - [31/Jan/2019:19:24:04 +0000] "POST /api/v1 HTTP/1.1" 200 325 "http://localhost:8080/login" "Mozilla/5.0 (Macintosh; Intel Mac OS X 10_14_2) AppleWebKit/537.36 (KHTML, like Gecko) Chrome/69.0.3497.100 Safari/537.36"
::1 - - [31/Jan/2019:19:25:40 +0000] "OPTIONS /api/v1 HTTP/1.1" 204 0 "http://localhost:8080/login" "Mozilla/5.0 (Macintosh; Intel Mac OS X 10_14_2) AppleWebKit/537.36 (KHTML, like Gecko) Chrome/69.0.3497.100 Safari/537.36"
::1 - - [31/Jan/2019:19:25:41 +0000] "POST /api/v1 HTTP/1.1" 200 325 "http://localhost:8080/login" "Mozilla/5.0 (Macintosh; Intel Mac OS X 10_14_2) AppleWebKit/537.36 (KHTML, like Gecko) Chrome/69.0.3497.100 Safari/537.36"
::1 - - [31/Jan/2019:19:25:49 +0000] "OPTIONS /api/v1 HTTP/1.1" 204 0 "http://localhost:8080/login" "Mozilla/5.0 (Macintosh; Intel Mac OS X 10_14_2) AppleWebKit/537.36 (KHTML, like Gecko) Chrome/69.0.3497.100 Safari/537.36"
::1 - - [31/Jan/2019:19:25:50 +0000] "POST /api/v1 HTTP/1.1" 200 325 "http://localhost:8080/login" "Mozilla/5.0 (Macintosh; Intel Mac OS X 10_14_2) AppleWebKit/537.36 (KHTML, like Gecko) Chrome/69.0.3497.100 Safari/537.36"
::1 - - [31/Jan/2019:19:28:21 +0000] "OPTIONS /api/v1 HTTP/1.1" 204 0 "http://localhost:8080/trips" "Mozilla/5.0 (Macintosh; Intel Mac OS X 10_14_2) AppleWebKit/537.36 (KHTML, like Gecko) Chrome/69.0.3497.100 Safari/537.36"
::1 - - [31/Jan/2019:19:28:21 +0000] "POST /api/v1 HTTP/1.1" 200 133 "http://localhost:8080/trips" "Mozilla/5.0 (Macintosh; Intel Mac OS X 10_14_2) AppleWebKit/537.36 (KHTML, like Gecko) Chrome/69.0.3497.100 Safari/537.36"
::1 - - [31/Jan/2019:19:28:21 +0000] "POST /api/v1 HTTP/1.1" 200 133 "http://localhost:8080/trips" "Mozilla/5.0 (Macintosh; Intel Mac OS X 10_14_2) AppleWebKit/537.36 (KHTML, like Gecko) Chrome/69.0.3497.100 Safari/537.36"
::1 - - [31/Jan/2019:19:30:23 +0000] "OPTIONS /api/v1 HTTP/1.1" 204 0 "http://localhost:8080/trips" "Mozilla/5.0 (Macintosh; Intel Mac OS X 10_14_2) AppleWebKit/537.36 (KHTML, like Gecko) Chrome/69.0.3497.100 Safari/537.36"
::1 - - [31/Jan/2019:19:30:23 +0000] "POST /api/v1 HTTP/1.1" 200 133 "http://localhost:8080/trips" "Mozilla/5.0 (Macintosh; Intel Mac OS X 10_14_2) AppleWebKit/537.36 (KHTML, like Gecko) Chrome/69.0.3497.100 Safari/537.36"
::1 - - [31/Jan/2019:19:31:27 +0000] "OPTIONS /api/v1 HTTP/1.1" 204 0 "http://localhost:8080/trips" "Mozilla/5.0 (Macintosh; Intel Mac OS X 10_14_2) AppleWebKit/537.36 (KHTML, like Gecko) Chrome/69.0.3497.100 Safari/537.36"
::1 - - [31/Jan/2019:19:31:27 +0000] "POST /api/v1 HTTP/1.1" 200 133 "http://localhost:8080/trips" "Mozilla/5.0 (Macintosh; Intel Mac OS X 10_14_2) AppleWebKit/537.36 (KHTML, like Gecko) Chrome/69.0.3497.100 Safari/537.36"
::1 - - [31/Jan/2019:19:36:58 +0000] "OPTIONS /api/v1 HTTP/1.1" 204 0 "http://localhost:8080/trips" "Mozilla/5.0 (Macintosh; Intel Mac OS X 10_14_2) AppleWebKit/537.36 (KHTML, like Gecko) Chrome/69.0.3497.100 Safari/537.36"
::1 - - [31/Jan/2019:19:36:58 +0000] "POST /api/v1 HTTP/1.1" 200 133 "http://localhost:8080/trips" "Mozilla/5.0 (Macintosh; Intel Mac OS X 10_14_2) AppleWebKit/537.36 (KHTML, like Gecko) Chrome/69.0.3497.100 Safari/537.36"
::1 - - [31/Jan/2019:19:39:15 +0000] "OPTIONS /api/v1 HTTP/1.1" 204 0 "http://localhost:8080/trips" "Mozilla/5.0 (Macintosh; Intel Mac OS X 10_14_2) AppleWebKit/537.36 (KHTML, like Gecko) Chrome/69.0.3497.100 Safari/537.36"
::1 - - [31/Jan/2019:19:39:16 +0000] "POST /api/v1 HTTP/1.1" 200 89 "http://localhost:8080/trips" "Mozilla/5.0 (Macintosh; Intel Mac OS X 10_14_2) AppleWebKit/537.36 (KHTML, like Gecko) Chrome/69.0.3497.100 Safari/537.36"
::1 - - [31/Jan/2019:19:41:52 +0000] "OPTIONS /api/v1 HTTP/1.1" 204 0 "http://localhost:8080/trips" "Mozilla/5.0 (Macintosh; Intel Mac OS X 10_14_2) AppleWebKit/537.36 (KHTML, like Gecko) Chrome/69.0.3497.100 Safari/537.36"
::1 - - [31/Jan/2019:19:41:53 +0000] "POST /api/v1 HTTP/1.1" 200 89 "http://localhost:8080/trips" "Mozilla/5.0 (Macintosh; Intel Mac OS X 10_14_2) AppleWebKit/537.36 (KHTML, like Gecko) Chrome/69.0.3497.100 Safari/537.36"
::1 - - [31/Jan/2019:19:42:16 +0000] "OPTIONS /api/v1 HTTP/1.1" 204 0 "http://localhost:8080/trips" "Mozilla/5.0 (Macintosh; Intel Mac OS X 10_14_2) AppleWebKit/537.36 (KHTML, like Gecko) Chrome/69.0.3497.100 Safari/537.36"
::1 - - [31/Jan/2019:19:42:16 +0000] "POST /api/v1 HTTP/1.1" 200 89 "http://localhost:8080/trips" "Mozilla/5.0 (Macintosh; Intel Mac OS X 10_14_2) AppleWebKit/537.36 (KHTML, like Gecko) Chrome/69.0.3497.100 Safari/537.36"
::1 - - [31/Jan/2019:19:42:26 +0000] "OPTIONS /api/v1 HTTP/1.1" 204 0 "http://localhost:8080/trips" "Mozilla/5.0 (Macintosh; Intel Mac OS X 10_14_2) AppleWebKit/537.36 (KHTML, like Gecko) Chrome/69.0.3497.100 Safari/537.36"
::1 - - [31/Jan/2019:19:42:26 +0000] "POST /api/v1 HTTP/1.1" 200 89 "http://localhost:8080/trips" "Mozilla/5.0 (Macintosh; Intel Mac OS X 10_14_2) AppleWebKit/537.36 (KHTML, like Gecko) Chrome/69.0.3497.100 Safari/537.36"
::1 - - [31/Jan/2019:19:44:02 +0000] "OPTIONS /api/v1 HTTP/1.1" 204 0 "http://localhost:8080/trips" "Mozilla/5.0 (Macintosh; Intel Mac OS X 10_14_2) AppleWebKit/537.36 (KHTML, like Gecko) Chrome/69.0.3497.100 Safari/537.36"
::1 - - [31/Jan/2019:19:44:02 +0000] "POST /api/v1 HTTP/1.1" 200 89 "http://localhost:8080/trips" "Mozilla/5.0 (Macintosh; Intel Mac OS X 10_14_2) AppleWebKit/537.36 (KHTML, like Gecko) Chrome/69.0.3497.100 Safari/537.36"
::1 - - [31/Jan/2019:19:44:34 +0000] "OPTIONS /api/v1 HTTP/1.1" 204 0 "http://localhost:8080/trips" "Mozilla/5.0 (Macintosh; Intel Mac OS X 10_14_2) AppleWebKit/537.36 (KHTML, like Gecko) Chrome/69.0.3497.100 Safari/537.36"
::1 - - [31/Jan/2019:19:44:34 +0000] "POST /api/v1 HTTP/1.1" 200 88 "http://localhost:8080/trips" "Mozilla/5.0 (Macintosh; Intel Mac OS X 10_14_2) AppleWebKit/537.36 (KHTML, like Gecko) Chrome/69.0.3497.100 Safari/537.36"
::1 - - [31/Jan/2019:19:49:52 +0000] "OPTIONS /api/v1 HTTP/1.1" 204 0 "http://localhost:8080/trips" "Mozilla/5.0 (Macintosh; Intel Mac OS X 10_14_2) AppleWebKit/537.36 (KHTML, like Gecko) Chrome/69.0.3497.100 Safari/537.36"
::1 - - [31/Jan/2019:19:49:52 +0000] "POST /api/v1 HTTP/1.1" 200 415 "http://localhost:8080/trips" "Mozilla/5.0 (Macintosh; Intel Mac OS X 10_14_2) AppleWebKit/537.36 (KHTML, like Gecko) Chrome/69.0.3497.100 Safari/537.36"
::1 - - [31/Jan/2019:19:50:45 +0000] "OPTIONS /api/v1 HTTP/1.1" 204 0 "http://localhost:8080/trips" "Mozilla/5.0 (Macintosh; Intel Mac OS X 10_14_2) AppleWebKit/537.36 (KHTML, like Gecko) Chrome/69.0.3497.100 Safari/537.36"
::1 - - [31/Jan/2019:19:50:45 +0000] "POST /api/v1 HTTP/1.1" 200 415 "http://localhost:8080/trips" "Mozilla/5.0 (Macintosh; Intel Mac OS X 10_14_2) AppleWebKit/537.36 (KHTML, like Gecko) Chrome/69.0.3497.100 Safari/537.36"
::1 - - [31/Jan/2019:19:51:55 +0000] "OPTIONS /api/v1 HTTP/1.1" 204 0 "http://localhost:8080/trips" "Mozilla/5.0 (Macintosh; Intel Mac OS X 10_14_2) AppleWebKit/537.36 (KHTML, like Gecko) Chrome/69.0.3497.100 Safari/537.36"
::1 - - [31/Jan/2019:19:51:55 +0000] "POST /api/v1 HTTP/1.1" 200 415 "http://localhost:8080/trips" "Mozilla/5.0 (Macintosh; Intel Mac OS X 10_14_2) AppleWebKit/537.36 (KHTML, like Gecko) Chrome/69.0.3497.100 Safari/537.36"
::1 - - [31/Jan/2019:19:52:08 +0000] "OPTIONS /api/v1 HTTP/1.1" 204 0 "http://localhost:8080/trips" "Mozilla/5.0 (Macintosh; Intel Mac OS X 10_14_2) AppleWebKit/537.36 (KHTML, like Gecko) Chrome/69.0.3497.100 Safari/537.36"
::1 - - [31/Jan/2019:19:52:09 +0000] "POST /api/v1 HTTP/1.1" 200 415 "http://localhost:8080/trips" "Mozilla/5.0 (Macintosh; Intel Mac OS X 10_14_2) AppleWebKit/537.36 (KHTML, like Gecko) Chrome/69.0.3497.100 Safari/537.36"
::1 - - [31/Jan/2019:19:52:11 +0000] "POST /api/v1 HTTP/1.1" 200 415 "http://localhost:8080/trips" "Mozilla/5.0 (Macintosh; Intel Mac OS X 10_14_2) AppleWebKit/537.36 (KHTML, like Gecko) Chrome/69.0.3497.100 Safari/537.36"
::1 - - [31/Jan/2019:19:52:53 +0000] "OPTIONS /api/v1 HTTP/1.1" 204 0 "http://localhost:8080/trips" "Mozilla/5.0 (Macintosh; Intel Mac OS X 10_14_2) AppleWebKit/537.36 (KHTML, like Gecko) Chrome/69.0.3497.100 Safari/537.36"
::1 - - [31/Jan/2019:19:52:54 +0000] "POST /api/v1 HTTP/1.1" 200 415 "http://localhost:8080/trips" "Mozilla/5.0 (Macintosh; Intel Mac OS X 10_14_2) AppleWebKit/537.36 (KHTML, like Gecko) Chrome/69.0.3497.100 Safari/537.36"
::1 - - [31/Jan/2019:19:52:59 +0000] "POST /api/v1 HTTP/1.1" 200 415 "http://localhost:8080/trips" "Mozilla/5.0 (Macintosh; Intel Mac OS X 10_14_2) AppleWebKit/537.36 (KHTML, like Gecko) Chrome/69.0.3497.100 Safari/537.36"
::1 - - [31/Jan/2019:19:53:34 +0000] "OPTIONS /api/v1 HTTP/1.1" 204 0 "http://localhost:8080/trips" "Mozilla/5.0 (Macintosh; Intel Mac OS X 10_14_2) AppleWebKit/537.36 (KHTML, like Gecko) Chrome/69.0.3497.100 Safari/537.36"
::1 - - [31/Jan/2019:19:53:34 +0000] "POST /api/v1 HTTP/1.1" 200 415 "http://localhost:8080/trips" "Mozilla/5.0 (Macintosh; Intel Mac OS X 10_14_2) AppleWebKit/537.36 (KHTML, like Gecko) Chrome/69.0.3497.100 Safari/537.36"
::1 - - [31/Jan/2019:19:55:29 +0000] "OPTIONS /api/v1 HTTP/1.1" 204 0 "http://localhost:8080/trips" "Mozilla/5.0 (Macintosh; Intel Mac OS X 10_14_2) AppleWebKit/537.36 (KHTML, like Gecko) Chrome/69.0.3497.100 Safari/537.36"
::1 - - [31/Jan/2019:19:55:29 +0000] "POST /api/v1 HTTP/1.1" 200 415 "http://localhost:8080/trips" "Mozilla/5.0 (Macintosh; Intel Mac OS X 10_14_2) AppleWebKit/537.36 (KHTML, like Gecko) Chrome/69.0.3497.100 Safari/537.36"
::1 - - [31/Jan/2019:19:55:57 +0000] "OPTIONS /api/v1 HTTP/1.1" 204 0 "http://localhost:8080/trips" "Mozilla/5.0 (Macintosh; Intel Mac OS X 10_14_2) AppleWebKit/537.36 (KHTML, like Gecko) Chrome/69.0.3497.100 Safari/537.36"
::1 - - [31/Jan/2019:19:55:58 +0000] "POST /api/v1 HTTP/1.1" 200 415 "http://localhost:8080/trips" "Mozilla/5.0 (Macintosh; Intel Mac OS X 10_14_2) AppleWebKit/537.36 (KHTML, like Gecko) Chrome/69.0.3497.100 Safari/537.36"
::1 - - [31/Jan/2019:19:56:15 +0000] "OPTIONS /api/v1 HTTP/1.1" 204 0 "http://localhost:8080/trips" "Mozilla/5.0 (Macintosh; Intel Mac OS X 10_14_2) AppleWebKit/537.36 (KHTML, like Gecko) Chrome/69.0.3497.100 Safari/537.36"
::1 - - [31/Jan/2019:19:56:16 +0000] "POST /api/v1 HTTP/1.1" 200 415 "http://localhost:8080/trips" "Mozilla/5.0 (Macintosh; Intel Mac OS X 10_14_2) AppleWebKit/537.36 (KHTML, like Gecko) Chrome/69.0.3497.100 Safari/537.36"
::1 - - [31/Jan/2019:19:56:55 +0000] "OPTIONS /api/v1 HTTP/1.1" 204 0 "http://localhost:8080/trips" "Mozilla/5.0 (Macintosh; Intel Mac OS X 10_14_2) AppleWebKit/537.36 (KHTML, like Gecko) Chrome/69.0.3497.100 Safari/537.36"
::1 - - [31/Jan/2019:19:56:55 +0000] "POST /api/v1 HTTP/1.1" 200 415 "http://localhost:8080/trips" "Mozilla/5.0 (Macintosh; Intel Mac OS X 10_14_2) AppleWebKit/537.36 (KHTML, like Gecko) Chrome/69.0.3497.100 Safari/537.36"
::1 - - [31/Jan/2019:19:57:45 +0000] "OPTIONS /api/v1 HTTP/1.1" 204 0 "http://localhost:8080/trips" "Mozilla/5.0 (Macintosh; Intel Mac OS X 10_14_2) AppleWebKit/537.36 (KHTML, like Gecko) Chrome/69.0.3497.100 Safari/537.36"
::1 - - [31/Jan/2019:19:57:46 +0000] "POST /api/v1 HTTP/1.1" 200 415 "http://localhost:8080/trips" "Mozilla/5.0 (Macintosh; Intel Mac OS X 10_14_2) AppleWebKit/537.36 (KHTML, like Gecko) Chrome/69.0.3497.100 Safari/537.36"
::1 - - [31/Jan/2019:20:00:26 +0000] "OPTIONS /api/v1 HTTP/1.1" 204 0 "http://localhost:8080/trips" "Mozilla/5.0 (Macintosh; Intel Mac OS X 10_14_2) AppleWebKit/537.36 (KHTML, like Gecko) Chrome/69.0.3497.100 Safari/537.36"
::1 - - [31/Jan/2019:20:00:27 +0000] "POST /api/v1 HTTP/1.1" 200 415 "http://localhost:8080/trips" "Mozilla/5.0 (Macintosh; Intel Mac OS X 10_14_2) AppleWebKit/537.36 (KHTML, like Gecko) Chrome/69.0.3497.100 Safari/537.36"
::1 - - [31/Jan/2019:20:00:32 +0000] "OPTIONS /api/v1 HTTP/1.1" 204 0 "http://localhost:8080/trips" "Mozilla/5.0 (Macintosh; Intel Mac OS X 10_14_2) AppleWebKit/537.36 (KHTML, like Gecko) Chrome/69.0.3497.100 Safari/537.36"
::1 - - [31/Jan/2019:20:00:34 +0000] "POST /api/v1 HTTP/1.1" 200 415 "http://localhost:8080/trips" "Mozilla/5.0 (Macintosh; Intel Mac OS X 10_14_2) AppleWebKit/537.36 (KHTML, like Gecko) Chrome/69.0.3497.100 Safari/537.36"
::1 - - [31/Jan/2019:20:02:40 +0000] "OPTIONS /api/v1 HTTP/1.1" 204 0 "http://localhost:8080/trips" "Mozilla/5.0 (Macintosh; Intel Mac OS X 10_14_2) AppleWebKit/537.36 (KHTML, like Gecko) Chrome/69.0.3497.100 Safari/537.36"
::1 - - [31/Jan/2019:20:02:41 +0000] "POST /api/v1 HTTP/1.1" 200 415 "http://localhost:8080/trips" "Mozilla/5.0 (Macintosh; Intel Mac OS X 10_14_2) AppleWebKit/537.36 (KHTML, like Gecko) Chrome/69.0.3497.100 Safari/537.36"
::1 - - [31/Jan/2019:20:06:04 +0000] "OPTIONS /api/v1 HTTP/1.1" 204 0 "http://localhost:8080/trips" "Mozilla/5.0 (Macintosh; Intel Mac OS X 10_14_2) AppleWebKit/537.36 (KHTML, like Gecko) Chrome/69.0.3497.100 Safari/537.36"
::1 - - [31/Jan/2019:20:06:05 +0000] "POST /api/v1 HTTP/1.1" 200 71 "http://localhost:8080/trips" "Mozilla/5.0 (Macintosh; Intel Mac OS X 10_14_2) AppleWebKit/537.36 (KHTML, like Gecko) Chrome/69.0.3497.100 Safari/537.36"
::1 - - [31/Jan/2019:20:08:32 +0000] "OPTIONS /api/v1 HTTP/1.1" 204 0 "http://localhost:8080/trips" "Mozilla/5.0 (Macintosh; Intel Mac OS X 10_14_2) AppleWebKit/537.36 (KHTML, like Gecko) Chrome/69.0.3497.100 Safari/537.36"
::1 - - [31/Jan/2019:20:08:33 +0000] "POST /api/v1 HTTP/1.1" 200 481 "http://localhost:8080/trips" "Mozilla/5.0 (Macintosh; Intel Mac OS X 10_14_2) AppleWebKit/537.36 (KHTML, like Gecko) Chrome/69.0.3497.100 Safari/537.36"
::1 - - [31/Jan/2019:20:08:45 +0000] "OPTIONS /api/v1 HTTP/1.1" 204 0 "http://localhost:8080/trips" "Mozilla/5.0 (Macintosh; Intel Mac OS X 10_14_2) AppleWebKit/537.36 (KHTML, like Gecko) Chrome/69.0.3497.100 Safari/537.36"
::1 - - [31/Jan/2019:20:08:45 +0000] "POST /api/v1 HTTP/1.1" 200 481 "http://localhost:8080/trips" "Mozilla/5.0 (Macintosh; Intel Mac OS X 10_14_2) AppleWebKit/537.36 (KHTML, like Gecko) Chrome/69.0.3497.100 Safari/537.36"
::1 - - [31/Jan/2019:20:09:42 +0000] "OPTIONS /api/v1 HTTP/1.1" 204 0 "http://localhost:8080/trips" "Mozilla/5.0 (Macintosh; Intel Mac OS X 10_14_2) AppleWebKit/537.36 (KHTML, like Gecko) Chrome/69.0.3497.100 Safari/537.36"
::1 - - [31/Jan/2019:20:09:43 +0000] "POST /api/v1 HTTP/1.1" 200 481 "http://localhost:8080/trips" "Mozilla/5.0 (Macintosh; Intel Mac OS X 10_14_2) AppleWebKit/537.36 (KHTML, like Gecko) Chrome/69.0.3497.100 Safari/537.36"
::1 - - [31/Jan/2019:20:09:54 +0000] "OPTIONS /api/v1 HTTP/1.1" 204 0 "http://localhost:8080/trips" "Mozilla/5.0 (Macintosh; Intel Mac OS X 10_14_2) AppleWebKit/537.36 (KHTML, like Gecko) Chrome/69.0.3497.100 Safari/537.36"
::1 - - [31/Jan/2019:20:09:54 +0000] "POST /api/v1 HTTP/1.1" 200 74 "http://localhost:8080/trips" "Mozilla/5.0 (Macintosh; Intel Mac OS X 10_14_2) AppleWebKit/537.36 (KHTML, like Gecko) Chrome/69.0.3497.100 Safari/537.36"
