::1 - - [30/Jan/2019:23:30:20 +0000] "POST /api/v1/ HTTP/1.1" 200 324 "-" "PostmanRuntime/7.6.0"
::1 - - [30/Jan/2019:23:33:31 +0000] "GET /api/v1 HTTP/1.1" 200 - "-" "Mozilla/5.0 (Macintosh; Intel Mac OS X 10_14_2) AppleWebKit/537.36 (KHTML, like Gecko) Chrome/69.0.3497.100 Safari/537.36"
::1 - - [30/Jan/2019:23:33:33 +0000] "POST /api/v1? HTTP/1.1" 200 - "https://localhost:8443/" "Mozilla/5.0 (Macintosh; Intel Mac OS X 10_14_2) AppleWebKit/537.36 (KHTML, like Gecko) Chrome/69.0.3497.100 Safari/537.36"
::1 - - [30/Jan/2019:23:33:33 +0000] "GET /favicon.ico HTTP/1.1" 404 150 "https://localhost:8443/" "Mozilla/5.0 (Macintosh; Intel Mac OS X 10_14_2) AppleWebKit/537.36 (KHTML, like Gecko) Chrome/69.0.3497.100 Safari/537.36"
::1 - - [30/Jan/2019:23:33:39 +0000] "OPTIONS /api/v1 HTTP/1.1" 405 71 "http://localhost:8080/login" "Mozilla/5.0 (Macintosh; Intel Mac OS X 10_14_2) AppleWebKit/537.36 (KHTML, like Gecko) Chrome/69.0.3497.100 Safari/537.36"
::1 - - [30/Jan/2019:23:38:31 +0000] "OPTIONS /api/v1 HTTP/1.1" 405 71 "http://localhost:8080/login" "Mozilla/5.0 (Macintosh; Intel Mac OS X 10_14_2) AppleWebKit/537.36 (KHTML, like Gecko) Chrome/69.0.3497.100 Safari/537.36"
::1 - - [30/Jan/2019:23:38:34 +0000] "OPTIONS /api/v1 HTTP/1.1" 405 71 "http://localhost:8080/login" "Mozilla/5.0 (Macintosh; Intel Mac OS X 10_14_2) AppleWebKit/537.36 (KHTML, like Gecko) Chrome/69.0.3497.100 Safari/537.36"
::1 - - [30/Jan/2019:23:40:53 +0000] "OPTIONS /api/v1 HTTP/1.1" 405 71 "http://localhost:8080/login" "Mozilla/5.0 (Macintosh; Intel Mac OS X 10_14_2) AppleWebKit/537.36 (KHTML, like Gecko) Chrome/69.0.3497.100 Safari/537.36"
::1 - - [30/Jan/2019:23:40:55 +0000] "OPTIONS /api/v1 HTTP/1.1" 405 71 "http://localhost:8080/login" "Mozilla/5.0 (Macintosh; Intel Mac OS X 10_14_2) AppleWebKit/537.36 (KHTML, like Gecko) Chrome/69.0.3497.100 Safari/537.36"
::1 - - [30/Jan/2019:23:40:56 +0000] "OPTIONS /api/v1 HTTP/1.1" 405 71 "http://localhost:8080/login" "Mozilla/5.0 (Macintosh; Intel Mac OS X 10_14_2) AppleWebKit/537.36 (KHTML, like Gecko) Chrome/69.0.3497.100 Safari/537.36"
::1 - - [30/Jan/2019:23:40:56 +0000] "OPTIONS /api/v1 HTTP/1.1" 405 71 "http://localhost:8080/login" "Mozilla/5.0 (Macintosh; Intel Mac OS X 10_14_2) AppleWebKit/537.36 (KHTML, like Gecko) Chrome/69.0.3497.100 Safari/537.36"
::1 - - [30/Jan/2019:23:44:13 +0000] "OPTIONS /api/v1 HTTP/1.1" 204 0 "http://localhost:8080/login" "Mozilla/5.0 (Macintosh; Intel Mac OS X 10_14_2) AppleWebKit/537.36 (KHTML, like Gecko) Chrome/69.0.3497.100 Safari/537.36"
::1 - - [30/Jan/2019:23:44:14 +0000] "POST /api/v1 HTTP/1.1" 200 150 "http://localhost:8080/login" "Mozilla/5.0 (Macintosh; Intel Mac OS X 10_14_2) AppleWebKit/537.36 (KHTML, like Gecko) Chrome/69.0.3497.100 Safari/537.36"
::1 - - [30/Jan/2019:23:45:33 +0000] "OPTIONS /api/v1 HTTP/1.1" 204 0 "http://localhost:8080/login" "Mozilla/5.0 (Macintosh; Intel Mac OS X 10_14_2) AppleWebKit/537.36 (KHTML, like Gecko) Chrome/69.0.3497.100 Safari/537.36"
::1 - - [30/Jan/2019:23:45:33 +0000] "POST /api/v1 HTTP/1.1" 200 150 "http://localhost:8080/login" "Mozilla/5.0 (Macintosh; Intel Mac OS X 10_14_2) AppleWebKit/537.36 (KHTML, like Gecko) Chrome/69.0.3497.100 Safari/537.36"
::1 - - [30/Jan/2019:23:45:48 +0000] "OPTIONS /api/v1 HTTP/1.1" 204 0 "http://localhost:8080/login" "Mozilla/5.0 (Macintosh; Intel Mac OS X 10_14_2) AppleWebKit/537.36 (KHTML, like Gecko) Chrome/69.0.3497.100 Safari/537.36"
::1 - - [30/Jan/2019:23:45:48 +0000] "POST /api/v1 HTTP/1.1" 200 150 "http://localhost:8080/login" "Mozilla/5.0 (Macintosh; Intel Mac OS X 10_14_2) AppleWebKit/537.36 (KHTML, like Gecko) Chrome/69.0.3497.100 Safari/537.36"
::1 - - [30/Jan/2019:23:48:06 +0000] "OPTIONS /api/v1 HTTP/1.1" 204 0 "http://localhost:8080/login" "Mozilla/5.0 (Macintosh; Intel Mac OS X 10_14_2) AppleWebKit/537.36 (KHTML, like Gecko) Chrome/69.0.3497.100 Safari/537.36"
::1 - - [30/Jan/2019:23:48:06 +0000] "POST /api/v1 HTTP/1.1" 200 150 "http://localhost:8080/login" "Mozilla/5.0 (Macintosh; Intel Mac OS X 10_14_2) AppleWebKit/537.36 (KHTML, like Gecko) Chrome/69.0.3497.100 Safari/537.36"
::1 - - [30/Jan/2019:23:49:52 +0000] "OPTIONS /api/v1 HTTP/1.1" 204 0 "http://localhost:8080/login" "Mozilla/5.0 (Macintosh; Intel Mac OS X 10_14_2) AppleWebKit/537.36 (KHTML, like Gecko) Chrome/69.0.3497.100 Safari/537.36"
::1 - - [30/Jan/2019:23:49:53 +0000] "POST /api/v1 HTTP/1.1" 200 324 "http://localhost:8080/login" "Mozilla/5.0 (Macintosh; Intel Mac OS X 10_14_2) AppleWebKit/537.36 (KHTML, like Gecko) Chrome/69.0.3497.100 Safari/537.36"
::1 - - [30/Jan/2019:23:50:41 +0000] "OPTIONS /api/v1 HTTP/1.1" 204 0 "http://localhost:8080/login" "Mozilla/5.0 (Macintosh; Intel Mac OS X 10_14_2) AppleWebKit/537.36 (KHTML, like Gecko) Chrome/69.0.3497.100 Safari/537.36"
::1 - - [30/Jan/2019:23:50:42 +0000] "POST /api/v1 HTTP/1.1" 200 324 "http://localhost:8080/login" "Mozilla/5.0 (Macintosh; Intel Mac OS X 10_14_2) AppleWebKit/537.36 (KHTML, like Gecko) Chrome/69.0.3497.100 Safari/537.36"
::1 - - [30/Jan/2019:23:51:20 +0000] "OPTIONS /api/v1 HTTP/1.1" 204 0 "http://localhost:8080/login" "Mozilla/5.0 (Macintosh; Intel Mac OS X 10_14_2) AppleWebKit/537.36 (KHTML, like Gecko) Chrome/69.0.3497.100 Safari/537.36"
::1 - - [30/Jan/2019:23:51:20 +0000] "POST /api/v1 HTTP/1.1" 200 324 "http://localhost:8080/login" "Mozilla/5.0 (Macintosh; Intel Mac OS X 10_14_2) AppleWebKit/537.36 (KHTML, like Gecko) Chrome/69.0.3497.100 Safari/537.36"
::1 - - [30/Jan/2019:23:52:37 +0000] "OPTIONS /api/v1 HTTP/1.1" 204 0 "http://localhost:8080/login" "Mozilla/5.0 (Macintosh; Intel Mac OS X 10_14_2) AppleWebKit/537.36 (KHTML, like Gecko) Chrome/69.0.3497.100 Safari/537.36"
::1 - - [30/Jan/2019:23:52:38 +0000] "POST /api/v1 HTTP/1.1" 200 324 "http://localhost:8080/login" "Mozilla/5.0 (Macintosh; Intel Mac OS X 10_14_2) AppleWebKit/537.36 (KHTML, like Gecko) Chrome/69.0.3497.100 Safari/537.36"
::1 - - [30/Jan/2019:23:55:06 +0000] "OPTIONS /api/v1 HTTP/1.1" 204 0 "http://localhost:8080/login" "Mozilla/5.0 (Macintosh; Intel Mac OS X 10_14_2) AppleWebKit/537.36 (KHTML, like Gecko) Chrome/69.0.3497.100 Safari/537.36"
::1 - - [30/Jan/2019:23:55:06 +0000] "POST /api/v1 HTTP/1.1" 200 150 "http://localhost:8080/login" "Mozilla/5.0 (Macintosh; Intel Mac OS X 10_14_2) AppleWebKit/537.36 (KHTML, like Gecko) Chrome/69.0.3497.100 Safari/537.36"
::1 - - [30/Jan/2019:23:55:14 +0000] "OPTIONS /api/v1 HTTP/1.1" 204 0 "http://localhost:8080/login" "Mozilla/5.0 (Macintosh; Intel Mac OS X 10_14_2) AppleWebKit/537.36 (KHTML, like Gecko) Chrome/69.0.3497.100 Safari/537.36"
::1 - - [30/Jan/2019:23:55:14 +0000] "POST /api/v1 HTTP/1.1" 200 324 "http://localhost:8080/login" "Mozilla/5.0 (Macintosh; Intel Mac OS X 10_14_2) AppleWebKit/537.36 (KHTML, like Gecko) Chrome/69.0.3497.100 Safari/537.36"
::1 - - [30/Jan/2019:23:56:43 +0000] "OPTIONS /api/v1 HTTP/1.1" 204 0 "http://localhost:8080/login" "Mozilla/5.0 (Macintosh; Intel Mac OS X 10_14_2) AppleWebKit/537.36 (KHTML, like Gecko) Chrome/69.0.3497.100 Safari/537.36"
::1 - - [30/Jan/2019:23:56:44 +0000] "POST /api/v1 HTTP/1.1" 200 324 "http://localhost:8080/login" "Mozilla/5.0 (Macintosh; Intel Mac OS X 10_14_2) AppleWebKit/537.36 (KHTML, like Gecko) Chrome/69.0.3497.100 Safari/537.36"
